{"numTotalTestSuites":4,"numPassedTestSuites":0,"numFailedTestSuites":4,"numPendingTestSuites":0,"numTotalTests":19,"numPassedTests":9,"numFailedTests":10,"numPendingTests":0,"numTodoTests":0,"snapshot":{"added":0,"failure":false,"filesAdded":0,"filesRemoved":0,"filesRemovedList":[],"filesUnmatched":0,"filesUpdated":0,"matched":0,"total":0,"unchecked":0,"uncheckedKeysByFile":[],"unmatched":0,"updated":0,"didUpdate":false},"startTime":1787065927208,"success":false,"testResults":[{"assertionResults":[{"ancestorTitles":["organizer route access"],"fullName":"organizer route access renders the organizer dashboard for an organizer user","status":"failed","title":"renders the organizer dashboard for an organizer user","duration":1358.3498999999993,"failureMessages":["Error: Unable to find role=\"heading\" and name \"Organizer dashboard\"\n\nIgnored nodes: comments, script, style\n\u001b[36m<body>\u001b[39m\n  \u001b[36m<div>\u001b[39m\n    \u001b[36m<div\u001b[39m\n      \u001b[33mclass\u001b[39m=\u001b[32m\"h-screen overflow-hidden bg-background\"\u001b[39m\n    \u001b[36m>\u001b[39m\n      \u001b[36m<aside\u001b[39m\n        \u001b[33maria-label\u001b[39m=\u001b[32m\"organizer workspace sidebar\"\u001b[39m\n        \u001b[33mclass\u001b[39m=\u001b[32m\"plpass-sidebar h-dvh min-h-0 flex-col overflow-x-hidden transition-[width] duration-200 motion-reduce:transition-none w-[280px] fixed inset-y-0 left-0 z-30 hidden md:flex\"\u001b[39m\n      \u001b[36m>\u001b[39m\n        \u001b[36m<div\u001b[39m\n          \u001b[33mclass\u001b[39m=\u001b[32m\"flex h-[72px] shrink-0 items-center border-b border-border px-4\"\u001b[39m\n        \u001b[36m>\u001b[39m\n          \u001b[36m<div\u001b[39m\n            \u001b[33mclass\u001b[39m=\u001b[32m\"flex items-center gap-3\"\u001b[39m\n          \u001b[36m>\u001b[39m\n            \u001b[36m<div\u001b[39m\n              \u001b[33mclass\u001b[39m=\u001b[32m\"flex h-9 w-9 shrink-0 items-center justify-center rounded-xl bg-primary text-primary-foreground shadow-sm ring-1 ring-primary/20\"\u001b[39m\n            \u001b[36m>\u001b[39m\n              \u001b[36m<svg\u001b[39m\n                \u001b[33maria-hidden\u001b[39m=\u001b[32m\"true\"\u001b[39m\n                \u001b[33mclass\u001b[39m=\u001b[32m\"lucide lucide-activity h-4.5 w-4.5\"\u001b[39m\n                \u001b[33mfill\u001b[39m=\u001b[32m\"none\"\u001b[39m\n                \u001b[33mheight\u001b[39m=\u001b[32m\"24\"\u001b[39m\n                \u001b[33mstroke\u001b[39m=\u001b[32m\"currentColor\"\u001b[39m\n                \u001b[33mstroke-linecap\u001b[39m=\u001b[32m\"round\"\u001b[39m\n                \u001b[33mstroke-linejoin\u001b[39m=\u001b[32m\"round\"\u001b[39m\n                \u001b[33mstroke-width\u001b[39m=\u001b[32m\"2\"\u001b[39m\n                \u001b[33mviewBox\u001b[39m=\u001b[32m\"0 0 24 24\"\u001b[39m\n                \u001b[33mwidth\u001b[39m=\u001b[32m\"24\"\u001b[39m\n                \u001b[33mxmlns\u001b[39m=\u001b[32m\"http://www.w3.org/2000/svg\"\u001b[39m\n              \u001b[36m>\u001b[39m\n                \u001b[36m<path\u001b[39m\n                  \u001b[33md\u001b[39m=\u001b[32m\"M22 12h-2.48a2 2 0 0 0-1.93 1.46l-2.35 8.36a.25.25 0 0 1-.48 0L9.24 2.18a.25.25 0 0 0-.48 0l-2.35 8.36A2 2 0 0 1 4.49 12H2\"\u001b[39m\n                \u001b[36m/>\u001b[39m\n              \u001b[36m</svg>\u001b[39m\n            \u001b[36m</div>\u001b[39m\n            \u001b[36m<div\u001b[39m\n              \u001b[33mclass\u001b[39m=\u001b[32m\"min-w-0 flex-1\"\u001b[39m\n            \u001b[36m>\u001b[39m\n              \u001b[36m<p\u001b[39m\n                \u001b[33mclass\u001b[39m=\u001b[32m\"truncate text-base font-semibold leading-5 text-sidebar-foreground\"\u001b[39m\n              \u001b[36m>\u001b[39m\n                \u001b[0mPLPass\u001b[0m\n              \u001b[36m</p>\u001b[39m\n              \u001b[36m<p\u001b[39m\n                \u001b[33mclass\u001b[39m=\u001b[32m\"mt-0.5 truncate text-xs capitalize text-muted-foreground\"\u001b[39m\n              \u001b[36m>\u001b[39m\n                \u001b[0morganizer\u001b[0m\n                \u001b[0m workspace\u001b[0m\n              \u001b[36m</p>\u001b[39m\n            \u001b[36m</div>\u001b[39m\n          \u001b[36m</div>\u001b[39m\n        \u001b[36m</div>\u001b[39m\n        \u001b[36m<nav\u001b[39m\n          \u001b[33maria-label\u001b[39m=\u001b[32m\"organizer navigation\"\u001b[39m\n          \u001b[33mclass\u001b[39m=\u001b[32m\"plpass-modern-scrollbar min-h-0 flex-1 overscroll-contain overflow-x-hidden overflow-y-auto px-3 py-4\"\u001b[39m\n        \u001b[36m>\u001b[39m\n          \u001b[36m<div\u001b[39m\n            \u001b[33mclass\u001b[39m=\u001b[32m\"mb-5 last:mb-0\"\u001b[39m\n          \u001b[36m>\u001b[39m\n            \u001b[36m<p\u001b[39m\n              \u001b[33mclass\u001b[39m=\u001b[32m\"mb-2 px-3 text-[11px] font-semibold uppercase tracking-wide text-muted-foreground\"\u001b[39m\n            \u001b[36m>\u001b[39m\n              \u001b[0mOverview\u001b[0m\n            \u001b[36m</p>\u001b[39m\n            \u001b[36m<div\u001b[39m\n              \u001b[33mclass\u001b[39m=\u001b[32m\"space-y-1\"\u001b[39m\n            \u001b[36m>\u001b[39m\n              \u001b[36m<a\u001b[39m\n                \u001b[33maria-current\u001b[39m=\u001b[32m\"page\"\u001b[39m\n                \u001b[33maria-label\u001b[39m=\u001b[32m\"Dashboard\"\u001b[39m\n                \u001b[33mclass\u001b[39m=\u001b[32m\"group relative flex min-h-10 items-center gap-3 rounded-xl border border-transparent px-3 py-2 text-sm font-medium text-sidebar-foreground/80 transition-colors duration-150 hover:border-primary/10 hover:bg-sidebar-active/60 hover:text-sidebar-foreground focus-visible:outline-none focus-visible:ring-2 focus-visible:ring-ring focus-visible:ring-offset-2 focus-visible:ring-offset-sidebar motion-reduce:transition-none plpass-sidebar-active\"\u001b[39m\n                \u001b[33mdata-discover\u001b[39m=\u001b[32m\"true\"\u001b[39m\n                \u001b[33mhref\u001b[39m=\u001b[32m\"/organizer/dashboard\"\u001b[39m\n              \u001b[36m>\u001b[39m\n                \u001b[36m<svg\u001b[39m\n                  \u001b[33maria-hidden\u001b[39m=\u001b[32m\"true\"\u001b[39m\n                  \u001b[33mclass\u001b[39m=\u001b[32m\"lucide lucide-layout-dashboard h-[18px] w-[18px] shrink-0\"\u001b[39m\n                  \u001b[33mfill\u001b[39m=\u001b[32m\"none\"\u001b[39m\n                  \u001b[33mheight\u001b[39m=\u001b[32m\"24\"\u001b[39m\n                  \u001b[33mstroke\u001b[39m=\u001b[32m\"currentColor\"\u001b[39m\n                  \u001b[33mstroke-linecap\u001b[39m=\u001b[32m\"round\"\u001b[39m\n                  \u001b[33mstroke-linejoin\u001b[39m=\u001b[32m\"round\"\u001b[39m\n                  \u001b[33mstroke-width\u001b[39m=\u001b[32m\"2\"\u001b[39m\n                  \u001b[33mviewBox\u001b[39m=\u001b[32m\"0 0 24 24\"\u001b[39m\n                  \u001b[33mwidth\u001b[39m=\u001b[32m\"24\"\u001b[39m\n                  \u001b[33mxmlns\u001b[39m=\u001b[32m\"http://www.w3.org/2000/svg\"\u001b[39m\n                \u001b[36m>\u001b[39m\n                  \u001b[36m<rect\u001b[39m\n                    \u001b[33mheight\u001b[39m=\u001b[32m\"9\"\u001b[39m\n                    \u001b[33mrx\u001b[39m=\u001b[32m\"1\"\u001b[39m\n                    \u001b[33mwidth\u001b[39m=\u001b[32m\"7\"\u001b[39m\n                    \u001b[33mx\u001b[39m=\u001b[32m\"3\"\u001b[39m\n                    \u001b[33my\u001b[39m=\u001b[32m\"3\"\u001b[39m\n                  \u001b[36m/>\u001b[39m\n                  \u001b[36m<rect\u001b[39m\n                    \u001b[33mheight\u001b[39m=\u001b[32m\"5\"\u001b[39m\n                    \u001b[33mrx\u001b[39m=\u001b[32m\"1\"\u001b[39m\n                    \u001b[33mwidth\u001b[39m=\u001b[32m\"7\"\u001b[39m\n                    \u001b[33mx\u001b[39m=\u001b[32m\"14\"\u001b[39m\n                    \u001b[33my\u001b[39m=\u001b[32m\"3\"\u001b[39m\n                  \u001b[36m/>\u001b[39m\n                  \u001b[36m<rect\u001b[39m\n                    \u001b[33mheight\u001b[39m=\u001b[32m\"9\"\u001b[39m\n                    \u001b[33mrx\u001b[39m=\u001b[32m\"1\"\u001b[39m\n                    \u001b[33mwidth\u001b[39m=\u001b[32m\"7\"\u001b[39m\n                    \u001b[33mx\u001b[39m=\u001b[32m\"14\"\u001b[39m\n                    \u001b[33my\u001b[39m=\u001b[32m\"12\"\u001b[39m\n                  \u001b[36m/>\u001b[39m\n                  \u001b[36m<rect\u001b[39m\n                    \u001b[33mheight\u001b[39m=\u001b[32m\"5\"\u001b[39m\n                    \u001b[33mrx\u001b[39m=\u001b[32m\"1\"\u001b[39m\n                    \u001b[33mwidth\u001b[39m=\u001b[32m\"7\"\u001b[39m\n                    \u001b[33mx\u001b[39m=\u001b[32m\"3\"\u001b[39m\n                    \u001b[33my\u001b[39m=\u001b[32m\"16\"\u001b[39m\n                  \u001b[36m/>\u001b[39m\n                \u001b[36m</svg>\u001b[39m\n                \u001b[36m<span\u001b[39m\n                  \u001b[33mclass\u001b[39m=\u001b[32m\"truncate\"\u001b[39m\n                \u001b[36m>\u001b[39m\n                  \u001b[0mDashboard\u001b[0m\n                \u001b[36m</span>\u001b[39m\n              \u001b[36m</a>\u001b[39m\n            \u001b[36m</div>\u001b[39m\n          \u001b[36m</div>\u001b[39m\n          \u001b[36m<div\u001b[39m\n            \u001b[33mclass\u001b[39m=\u001b[32m\"mb-5 last:mb-0\"\u001b[39m\n          \u001b[36m>\u001b[39m\n            \u001b[36m<p\u001b[39m\n              \u001b[33mclass\u001b[39m=\u001b[32m\"mb-2 px-3 text-[11px] font-semibold uppercase tracking-wide text-muted-foreground\"\u001b[39m\n            \u001b[36m>\u001b[39m\n              \u001b[0mEvents\u001b[0m\n            \u001b[36m</p>\u001b[39m\n            \u001b[36m<div\u001b[39m\n              \u001b[33mclass\u001b[39m=\u001b[32m\"space-y-1\"\u001b[39m\n            \u001b[36m>\u001b[39m\n              \u001b[36m<a\u001b[39m\n                \u001b[33maria-label\u001b[39m=\u001b[32m\"Events\"\u001b[39m\n                \u001b[33mclass\u001b[39m=\u001b[32m\"group relative flex min-h-10 items-center gap-3 rounded-xl border border-transparent px-3 py-2 text-sm font-medium text-sidebar-foreground/80 tran...\n    at waitForWrapper (C:\\xampp\\htdocs\\PLPass\\node_modules\\@testing-library\\dom\\dist\\wait-for.js:163:27)\n    at C:\\xampp\\htdocs\\PLPass\\node_modules\\@testing-library\\dom\\dist\\query-helpers.js:86:33\n    at C:\\xampp\\htdocs\\PLPass\\tests\\organizer-portal.test.tsx:80:25\n    at file:///C:/xampp/htdocs/PLPass/node_modules/@vitest/runner/dist/chunk-hooks.js:155:11\n    at file:///C:/xampp/htdocs/PLPass/node_modules/@vitest/runner/dist/chunk-hooks.js:752:26\n    at file:///C:/xampp/htdocs/PLPass/node_modules/@vitest/runner/dist/chunk-hooks.js:1897:20\n    at new Promise (<anonymous>)\n    at runWithTimeout (file:///C:/xampp/htdocs/PLPass/node_modules/@vitest/runner/dist/chunk-hooks.js:1863:10)\n    at runTest (file:///C:/xampp/htdocs/PLPass/node_modules/@vitest/runner/dist/chunk-hooks.js:1574:12)\n    at processTicksAndRejections (node:internal/process/task_queues:105:5)"],"meta":{}},{"ancestorTitles":["organizer route access"],"fullName":"organizer route access renders the analytics insights workspace with detailed sections","status":"failed","title":"renders the analytics insights workspace with detailed sections","duration":1061.8516,"failureMessages":["Error: Found multiple elements with the role \"heading\" and name `/analytics insights/i`\n\nHere are the matching elements:\n\nIgnored nodes: comments, script, style\n\u001b[36m<h1\u001b[39m\n  \u001b[33mclass\u001b[39m=\u001b[32m\"truncate text-base font-semibold text-foreground sm:text-lg\"\u001b[39m\n\u001b[36m>\u001b[39m\n  \u001b[0mAnalytics Insights\u001b[0m\n\u001b[36m</h1>\u001b[39m\n\nIgnored nodes: comments, script, style\n\u001b[36m<h1\u001b[39m\n  \u001b[33mclass\u001b[39m=\u001b[32m\"text-xl font-bold tracking-tight text-foreground\"\u001b[39m\n\u001b[36m>\u001b[39m\n  \u001b[0mAnalytics Insights\u001b[0m\n\u001b[36m</h1>\u001b[39m\n\n(If this is intentional, then use the `*AllBy*` variant of the query (like `queryAllByText`, `getAllByText`, or `findAllByText`)).\n\nIgnored nodes: comments, script, style\n\u001b[36m<body>\u001b[39m\n  \u001b[36m<div>\u001b[39m\n    \u001b[36m<div\u001b[39m\n      \u001b[33mclass\u001b[39m=\u001b[32m\"h-screen overflow-hidden bg-background\"\u001b[39m\n    \u001b[36m>\u001b[39m\n      \u001b[36m<aside\u001b[39m\n        \u001b[33maria-label\u001b[39m=\u001b[32m\"organizer workspace sidebar\"\u001b[39m\n        \u001b[33mclass\u001b[39m=\u001b[32m\"plpass-sidebar h-dvh min-h-0 flex-col overflow-x-hidden transition-[width] duration-200 motion-reduce:transition-none w-[280px] fixed inset-y-0 left-0 z-30 hidden md:flex\"\u001b[39m\n      \u001b[36m>\u001b[39m\n        \u001b[36m<div\u001b[39m\n          \u001b[33mclass\u001b[39m=\u001b[32m\"flex h-[72px] shrink-0 items-center border-b border-border px-4\"\u001b[39m\n        \u001b[36m>\u001b[39m\n          \u001b[36m<div\u001b[39m\n            \u001b[33mclass\u001b[39m=\u001b[32m\"flex items-center gap-3\"\u001b[39m\n          \u001b[36m>\u001b[39m\n            \u001b[36m<div\u001b[39m\n              \u001b[33mclass\u001b[39m=\u001b[32m\"flex h-9 w-9 shrink-0 items-center justify-center rounded-xl bg-primary text-primary-foreground shadow-sm ring-1 ring-primary/20\"\u001b[39m\n            \u001b[36m>\u001b[39m\n              \u001b[36m<svg\u001b[39m\n                \u001b[33maria-hidden\u001b[39m=\u001b[32m\"true\"\u001b[39m\n                \u001b[33mclass\u001b[39m=\u001b[32m\"lucide lucide-activity h-4.5 w-4.5\"\u001b[39m\n                \u001b[33mfill\u001b[39m=\u001b[32m\"none\"\u001b[39m\n                \u001b[33mheight\u001b[39m=\u001b[32m\"24\"\u001b[39m\n                \u001b[33mstroke\u001b[39m=\u001b[32m\"currentColor\"\u001b[39m\n                \u001b[33mstroke-linecap\u001b[39m=\u001b[32m\"round\"\u001b[39m\n                \u001b[33mstroke-linejoin\u001b[39m=\u001b[32m\"round\"\u001b[39m\n                \u001b[33mstroke-width\u001b[39m=\u001b[32m\"2\"\u001b[39m\n                \u001b[33mviewBox\u001b[39m=\u001b[32m\"0 0 24 24\"\u001b[39m\n                \u001b[33mwidth\u001b[39m=\u001b[32m\"24\"\u001b[39m\n                \u001b[33mxmlns\u001b[39m=\u001b[32m\"http://www.w3.org/2000/svg\"\u001b[39m\n              \u001b[36m>\u001b[39m\n                \u001b[36m<path\u001b[39m\n                  \u001b[33md\u001b[39m=\u001b[32m\"M22 12h-2.48a2 2 0 0 0-1.93 1.46l-2.35 8.36a.25.25 0 0 1-.48 0L9.24 2.18a.25.25 0 0 0-.48 0l-2.35 8.36A2 2 0 0 1 4.49 12H2\"\u001b[39m\n                \u001b[36m/>\u001b[39m\n              \u001b[36m</svg>\u001b[39m\n            \u001b[36m</div>\u001b[39m\n            \u001b[36m<div\u001b[39m\n              \u001b[33mclass\u001b[39m=\u001b[32m\"min-w-0 flex-1\"\u001b[39m\n            \u001b[36m>\u001b[39m\n              \u001b[36m<p\u001b[39m\n                \u001b[33mclass\u001b[39m=\u001b[32m\"truncate text-base font-semibold leading-5 text-sidebar-foreground\"\u001b[39m\n              \u001b[36m>\u001b[39m\n                \u001b[0mPLPass\u001b[0m\n              \u001b[36m</p>\u001b[39m\n              \u001b[36m<p\u001b[39m\n                \u001b[33mclass\u001b[39m=\u001b[32m\"mt-0.5 truncate text-xs capitalize text-muted-foreground\"\u001b[39m\n              \u001b[36m>\u001b[39m\n                \u001b[0morganizer\u001b[0m\n                \u001b[0m workspace\u001b[0m\n              \u001b[36m</p>\u001b[39m\n            \u001b[36m</div>\u001b[39m\n          \u001b[36m</div>\u001b[39m\n        \u001b[36m</div>\u001b[39m\n        \u001b[36m<nav\u001b[39m\n          \u001b[33maria-label\u001b[39m=\u001b[32m\"organizer navigation\"\u001b[39m\n          \u001b[33mclass\u001b[39m=\u001b[32m\"plpass-modern-scrollbar min-h-0 flex-1 overscroll-contain overflow-x-hidden overflow-y-auto px-3 py-4\"\u001b[39m\n        \u001b[36m>\u001b[39m\n          \u001b[36m<div\u001b[39m\n            \u001b[33mclass\u001b[39m=\u001b[32m\"mb-5 last:mb-0\"\u001b[39m\n          \u001b[36m>\u001b[39m\n            \u001b[36m<p\u001b[39m\n              \u001b[33mclass\u001b[39m=\u001b[32m\"mb-2 px-3 text-[11px] font-semibold uppercase tracking-wide text-muted-foreground\"\u001b[39m\n            \u001b[36m>\u001b[39m\n              \u001b[0mOverview\u001b[0m\n            \u001b[36m</p>\u001b[39m\n            \u001b[36m<div\u001b[39m\n              \u001b[33mclass\u001b[39m=\u001b[32m\"space-y-1\"\u001b[39m\n            \u001b[36m>\u001b[39m\n              \u001b[36m<a\u001b[39m\n                \u001b[33maria-label\u001b[39m=\u001b[32m\"Dashboard\"\u001b[39m\n                \u001b[33mclass\u001b[39m=\u001b[32m\"group relative flex min-h-10 items-center gap-3 rounded-xl border border-transparent px-3 py-2 text-sm font-medium text-sidebar-foreground/80 transition-colors duration-150 hover:border-primary/10 hover:bg-sidebar-active/60 hover:text-sidebar-foreground focus-visible:outline-none focus-visible:ring-2 focus-visible:ring-ring focus-visible:ring-offset-2 focus-visible:ring-offset-sidebar motion-reduce:transition-none\"\u001b[39m\n                \u001b[33mdata-discover\u001b[39m=\u001b[32m\"true\"\u001b[39m\n                \u001b[33mhref\u001b[39m=\u001b[32m\"/organizer/dashboard\"\u001b[39m\n              \u001b[36m>\u001b[39m\n                \u001b[36m<svg\u001b[39m\n                  \u001b[33maria-hidden\u001b[39m=\u001b[32m\"true\"\u001b[39m\n                  \u001b[33mclass\u001b[39m=\u001b[32m\"lucide lucide-layout-dashboard h-[18px] w-[18px] shrink-0\"\u001b[39m\n                  \u001b[33mfill\u001b[39m=\u001b[32m\"none\"\u001b[39m\n                  \u001b[33mheight\u001b[39m=\u001b[32m\"24\"\u001b[39m\n                  \u001b[33mstroke\u001b[39m=\u001b[32m\"currentColor\"\u001b[39m\n                  \u001b[33mstroke-linecap\u001b[39m=\u001b[32m\"round\"\u001b[39m\n                  \u001b[33mstroke-linejoin\u001b[39m=\u001b[32m\"round\"\u001b[39m\n                  \u001b[33mstroke-width\u001b[39m=\u001b[32m\"2\"\u001b[39m\n                  \u001b[33mviewBox\u001b[39m=\u001b[32m\"0 0 24 24\"\u001b[39m\n                  \u001b[33mwidth\u001b[39m=\u001b[32m\"24\"\u001b[39m\n                  \u001b[33mxmlns\u001b[39m=\u001b[32m\"http://www.w3.org/2000/svg\"\u001b[39m\n                \u001b[36m>\u001b[39m\n                  \u001b[36m<rect\u001b[39m\n                    \u001b[33mheight\u001b[39m=\u001b[32m\"9\"\u001b[39m\n                    \u001b[33mrx\u001b[39m=\u001b[32m\"1\"\u001b[39m\n                    \u001b[33mwidth\u001b[39m=\u001b[32m\"7\"\u001b[39m\n                    \u001b[33mx\u001b[39m=\u001b[32m\"3\"\u001b[39m\n                    \u001b[33my\u001b[39m=\u001b[32m\"3\"\u001b[39m\n                  \u001b[36m/>\u001b[39m\n                  \u001b[36m<rect\u001b[39m\n                    \u001b[33mheight\u001b[39m=\u001b[32m\"5\"\u001b[39m\n                    \u001b[33mrx\u001b[39m=\u001b[32m\"1\"\u001b[39m\n                    \u001b[33mwidth\u001b[39m=\u001b[32m\"7\"\u001b[39m\n                    \u001b[33mx\u001b[39m=\u001b[32m\"14\"\u001b[39m\n                    \u001b[33my\u001b[39m=\u001b[32m\"3\"\u001b[39m\n                  \u001b[36m/>\u001b[39m\n                  \u001b[36m<rect\u001b[39m\n                    \u001b[33mheight\u001b[39m=\u001b[32m\"9\"\u001b[39m\n                    \u001b[33mrx\u001b[39m=\u001b[32m\"1\"\u001b[39m\n                    \u001b[33mwidth\u001b[39m=\u001b[32m\"7\"\u001b[39m\n                    \u001b[33mx\u001b[39m=\u001b[32m\"14\"\u001b[39m\n                    \u001b[33my\u001b[39m=\u001b[32m\"12\"\u001b[39m\n                  \u001b[36m/>\u001b[39m\n                  \u001b[36m<rect\u001b[39m\n                    \u001b[33mheight\u001b[39m=\u001b[32m\"5\"\u001b[39m\n                    \u001b[33mrx\u001b[39m=\u001b[32m\"1\"\u001b[39m\n                    \u001b[33mwidth\u001b[39m=\u001b[32m\"7\"\u001b[39m\n                    \u001b[33mx\u001b[39m=\u001b[32m\"3\"\u001b[39m\n                    \u001b[33my\u001b[39m=\u001b[32m\"16\"\u001b[39m\n                  \u001b[36m/>\u001b[39m\n                \u001b[36m</svg>\u001b[39m\n                \u001b[36m<span\u001b[39m\n                  \u001b[33mclass\u001b[39m=\u001b[32m\"truncate\"\u001b[39m\n                \u001b[36m>\u001b[39m\n                  \u001b[0mDashboard\u001b[0m\n                \u001b[36m</span>\u001b[39m\n              \u001b[36m</a>\u001b[39m\n            \u001b[36m</div>\u001b[39m\n          \u001b[36m</div>\u001b[39m\n          \u001b[36m<div\u001b[39m\n            \u001b[33mclass\u001b[39m=\u001b[32m\"mb-5 last:mb-0\"\u001b[39m\n          \u001b[36m>\u001b[39m\n            \u001b[36m<p\u001b[39m\n              \u001b[33mclass\u001b[39m=\u001b[32m\"mb-2 px-3 text-[11px] font-semibold uppercase tracking-wide text-muted-foreground\"\u001b[39m\n            \u001b[36m>\u001b[39m\n              \u001b[0mEvents\u001b[0m\n            \u001b[36m</p>\u001b[39m\n            \u001b[36m<div\u001b[39m\n              \u001b[33mclass\u001b[39m=\u001b[32m\"space-y-1\"\u001b[39m\n            \u001b[36m>\u001b[39m\n              \u001b[36m<a\u001b[39m\n                \u001b[33maria-label\u001b[39m=\u001b[32m\"Events\"\u001b[39m\n                \u001b[33mclass\u001b[39m=\u001b[32m\"group relative flex min-h-10 items-center gap-3 rounded-xl border border-transparent px-3 py-2 text-sm font-medium text-sidebar-foreground/80 transition-colors duration-150 hover:border-primary/10 hover:bg-sidebar-active/60 ...\n    at waitForWrapper (C:\\xampp\\htdocs\\PLPass\\node_modules\\@testing-library\\dom\\dist\\wait-for.js:163:27)\n    at C:\\xampp\\htdocs\\PLPass\\node_modules\\@testing-library\\dom\\dist\\query-helpers.js:86:33\n    at C:\\xampp\\htdocs\\PLPass\\tests\\organizer-portal.test.tsx:90:25\n    at file:///C:/xampp/htdocs/PLPass/node_modules/@vitest/runner/dist/chunk-hooks.js:155:11\n    at file:///C:/xampp/htdocs/PLPass/node_modules/@vitest/runner/dist/chunk-hooks.js:752:26\n    at file:///C:/xampp/htdocs/PLPass/node_modules/@vitest/runner/dist/chunk-hooks.js:1897:20\n    at new Promise (<anonymous>)\n    at runWithTimeout (file:///C:/xampp/htdocs/PLPass/node_modules/@vitest/runner/dist/chunk-hooks.js:1863:10)\n    at runTest (file:///C:/xampp/htdocs/PLPass/node_modules/@vitest/runner/dist/chunk-hooks.js:1574:12)\n    at runSuite (file:///C:/xampp/htdocs/PLPass/node_modules/@vitest/runner/dist/chunk-hooks.js:1729:8)"],"meta":{}},{"ancestorTitles":["organizer route access"],"fullName":"organizer route access denies organizer routes to a student user","status":"passed","title":"denies organizer routes to a student user","duration":57.727100000000064,"failureMessages":[],"meta":{}},{"ancestorTitles":["organizer repository scoping and workflows"],"fullName":"organizer repository scoping and workflows lists only events owned by the signed-in organizer","status":"passed","title":"lists only events owned by the signed-in organizer","duration":1.4205000000001746,"failureMessages":[],"meta":{}},{"ancestorTitles":["organizer repository scoping and workflows"],"fullName":"organizer repository scoping and workflows isolates the second organizer account and returns empty scoped lists without errors","status":"failed","title":"isolates the second organizer account and returns empty scoped lists without errors","duration":4.38590000000022,"failureMessages":["AssertionError: expected [ 'session-4', 'session-6' ] to deeply equal [ 'session-6' ]\n    at C:\\xampp\\htdocs\\PLPass\\tests\\organizer-portal.test.tsx:121:57\n    at file:///C:/xampp/htdocs/PLPass/node_modules/@vitest/runner/dist/chunk-hooks.js:752:20"],"meta":{}},{"ancestorTitles":["organizer repository scoping and workflows"],"fullName":"organizer repository scoping and workflows prevents an organizer from reading another organizer event or session","status":"failed","title":"prevents an organizer from reading another organizer event or session","duration":4.740499999999884,"failureMessages":["Error: promise resolved \"{ id: 'session-4', …(11) }\" instead of rejecting\n    at _Assertion.__VITEST_REJECTS__ (file:///C:/xampp/htdocs/PLPass/node_modules/@vitest/expect/dist/index.js:1610:17)\n    at _Assertion.propertyGetter (file:///C:/xampp/htdocs/PLPass/node_modules/chai/index.js:1557:27)\n    at Reflect.get (<anonymous>)\n    at Object.proxyGetter [as get] (file:///C:/xampp/htdocs/PLPass/node_modules/chai/index.js:1645:22)\n    at C:\\xampp\\htdocs\\PLPass\\tests\\organizer-portal.test.tsx:132:112\n    at file:///C:/xampp/htdocs/PLPass/node_modules/@vitest/runner/dist/chunk-hooks.js:752:20"],"meta":{}},{"ancestorTitles":["organizer repository scoping and workflows"],"fullName":"organizer repository scoping and workflows validates event creation and creates pending events with participants","status":"passed","title":"validates event creation and creates pending events with participants","duration":1.2671000000000276,"failureMessages":[],"meta":{}},{"ancestorTitles":["organizer repository scoping and workflows"],"fullName":"organizer repository scoping and workflows validates session creation and end-session reason","status":"passed","title":"validates session creation and end-session reason","duration":0.9880000000002838,"failureMessages":[],"meta":{}},{"ancestorTitles":["organizer repository scoping and workflows"],"fullName":"organizer repository scoping and workflows approves and rejects organizer event correction requests with validation","status":"passed","title":"approves and rejects organizer event correction requests with validation","duration":18.36279999999988,"failureMessages":[],"meta":{}},{"ancestorTitles":["organizer repository scoping and workflows"],"fullName":"organizer repository scoping and workflows still blocks student repository context from organizer-only data","status":"passed","title":"still blocks student repository context from organizer-only data","duration":0.7704000000003361,"failureMessages":[],"meta":{}},{"ancestorTitles":["organizer UI flows"],"fullName":"organizer UI flows opens a modal when a credential action button is clicked","status":"failed","title":"opens a modal when a credential action button is clicked","duration":21.320600000000013,"failureMessages":["Error: useDevelopmentSession must be used within DevelopmentSessionProvider.\n    at useDevelopmentSession (C:\\xampp\\htdocs\\PLPass\\src\\hooks\\useDevelopmentSession.ts:8:11)\n    at useOrganizerScope (C:\\xampp\\htdocs\\PLPass\\src\\features\\organizer\\pages\\AuthenticationMethodsPage.tsx:67:23)\n    at AuthenticationMethodsPage (C:\\xampp\\htdocs\\PLPass\\src\\features\\organizer\\pages\\AuthenticationMethodsPage.tsx:392:17)\n    at renderWithHooks (C:\\xampp\\htdocs\\PLPass\\node_modules\\react-dom\\cjs\\react-dom.development.js:15486:18)\n    at mountIndeterminateComponent (C:\\xampp\\htdocs\\PLPass\\node_modules\\react-dom\\cjs\\react-dom.development.js:20103:13)\n    at beginWork (C:\\xampp\\htdocs\\PLPass\\node_modules\\react-dom\\cjs\\react-dom.development.js:21626:16)\n    at beginWork$1 (C:\\xampp\\htdocs\\PLPass\\node_modules\\react-dom\\cjs\\react-dom.development.js:27465:14)\n    at performUnitOfWork (C:\\xampp\\htdocs\\PLPass\\node_modules\\react-dom\\cjs\\react-dom.development.js:26599:12)\n    at workLoopSync (C:\\xampp\\htdocs\\PLPass\\node_modules\\react-dom\\cjs\\react-dom.development.js:26505:5)\n    at renderRootSync (C:\\xampp\\htdocs\\PLPass\\node_modules\\react-dom\\cjs\\react-dom.development.js:26473:7)"],"meta":{}},{"ancestorTitles":["organizer UI flows"],"fullName":"organizer UI flows renders the second organizer routes with isolated data and empty records","status":"failed","title":"renders the second organizer routes with isolated data and empty records","duration":1047.1800000000003,"failureMessages":["Error: Unable to find role=\"heading\" and name \"Event Records\"\n\nIgnored nodes: comments, script, style\n\u001b[36m<body>\u001b[39m\n  \u001b[36m<div>\u001b[39m\n    \u001b[36m<div\u001b[39m\n      \u001b[33mclass\u001b[39m=\u001b[32m\"h-screen overflow-hidden bg-background\"\u001b[39m\n    \u001b[36m>\u001b[39m\n      \u001b[36m<aside\u001b[39m\n        \u001b[33maria-label\u001b[39m=\u001b[32m\"organizer workspace sidebar\"\u001b[39m\n        \u001b[33mclass\u001b[39m=\u001b[32m\"plpass-sidebar h-dvh min-h-0 flex-col overflow-x-hidden transition-[width] duration-200 motion-reduce:transition-none w-[280px] fixed inset-y-0 left-0 z-30 hidden md:flex\"\u001b[39m\n      \u001b[36m>\u001b[39m\n        \u001b[36m<div\u001b[39m\n          \u001b[33mclass\u001b[39m=\u001b[32m\"flex h-[72px] shrink-0 items-center border-b border-border px-4\"\u001b[39m\n        \u001b[36m>\u001b[39m\n          \u001b[36m<div\u001b[39m\n            \u001b[33mclass\u001b[39m=\u001b[32m\"flex items-center gap-3\"\u001b[39m\n          \u001b[36m>\u001b[39m\n            \u001b[36m<div\u001b[39m\n              \u001b[33mclass\u001b[39m=\u001b[32m\"flex h-9 w-9 shrink-0 items-center justify-center rounded-xl bg-primary text-primary-foreground shadow-sm ring-1 ring-primary/20\"\u001b[39m\n            \u001b[36m>\u001b[39m\n              \u001b[36m<svg\u001b[39m\n                \u001b[33maria-hidden\u001b[39m=\u001b[32m\"true\"\u001b[39m\n                \u001b[33mclass\u001b[39m=\u001b[32m\"lucide lucide-activity h-4.5 w-4.5\"\u001b[39m\n                \u001b[33mfill\u001b[39m=\u001b[32m\"none\"\u001b[39m\n                \u001b[33mheight\u001b[39m=\u001b[32m\"24\"\u001b[39m\n                \u001b[33mstroke\u001b[39m=\u001b[32m\"currentColor\"\u001b[39m\n                \u001b[33mstroke-linecap\u001b[39m=\u001b[32m\"round\"\u001b[39m\n                \u001b[33mstroke-linejoin\u001b[39m=\u001b[32m\"round\"\u001b[39m\n                \u001b[33mstroke-width\u001b[39m=\u001b[32m\"2\"\u001b[39m\n                \u001b[33mviewBox\u001b[39m=\u001b[32m\"0 0 24 24\"\u001b[39m\n                \u001b[33mwidth\u001b[39m=\u001b[32m\"24\"\u001b[39m\n                \u001b[33mxmlns\u001b[39m=\u001b[32m\"http://www.w3.org/2000/svg\"\u001b[39m\n              \u001b[36m>\u001b[39m\n                \u001b[36m<path\u001b[39m\n                  \u001b[33md\u001b[39m=\u001b[32m\"M22 12h-2.48a2 2 0 0 0-1.93 1.46l-2.35 8.36a.25.25 0 0 1-.48 0L9.24 2.18a.25.25 0 0 0-.48 0l-2.35 8.36A2 2 0 0 1 4.49 12H2\"\u001b[39m\n                \u001b[36m/>\u001b[39m\n              \u001b[36m</svg>\u001b[39m\n            \u001b[36m</div>\u001b[39m\n            \u001b[36m<div\u001b[39m\n              \u001b[33mclass\u001b[39m=\u001b[32m\"min-w-0 flex-1\"\u001b[39m\n            \u001b[36m>\u001b[39m\n              \u001b[36m<p\u001b[39m\n                \u001b[33mclass\u001b[39m=\u001b[32m\"truncate text-base font-semibold leading-5 text-sidebar-foreground\"\u001b[39m\n              \u001b[36m>\u001b[39m\n                \u001b[0mPLPass\u001b[0m\n              \u001b[36m</p>\u001b[39m\n              \u001b[36m<p\u001b[39m\n                \u001b[33mclass\u001b[39m=\u001b[32m\"mt-0.5 truncate text-xs capitalize text-muted-foreground\"\u001b[39m\n              \u001b[36m>\u001b[39m\n                \u001b[0morganizer\u001b[0m\n                \u001b[0m workspace\u001b[0m\n              \u001b[36m</p>\u001b[39m\n            \u001b[36m</div>\u001b[39m\n          \u001b[36m</div>\u001b[39m\n        \u001b[36m</div>\u001b[39m\n        \u001b[36m<nav\u001b[39m\n          \u001b[33maria-label\u001b[39m=\u001b[32m\"organizer navigation\"\u001b[39m\n          \u001b[33mclass\u001b[39m=\u001b[32m\"plpass-modern-scrollbar min-h-0 flex-1 overscroll-contain overflow-x-hidden overflow-y-auto px-3 py-4\"\u001b[39m\n        \u001b[36m>\u001b[39m\n          \u001b[36m<div\u001b[39m\n            \u001b[33mclass\u001b[39m=\u001b[32m\"mb-5 last:mb-0\"\u001b[39m\n          \u001b[36m>\u001b[39m\n            \u001b[36m<p\u001b[39m\n              \u001b[33mclass\u001b[39m=\u001b[32m\"mb-2 px-3 text-[11px] font-semibold uppercase tracking-wide text-muted-foreground\"\u001b[39m\n            \u001b[36m>\u001b[39m\n              \u001b[0mOverview\u001b[0m\n            \u001b[36m</p>\u001b[39m\n            \u001b[36m<div\u001b[39m\n              \u001b[33mclass\u001b[39m=\u001b[32m\"space-y-1\"\u001b[39m\n            \u001b[36m>\u001b[39m\n              \u001b[36m<a\u001b[39m\n                \u001b[33maria-label\u001b[39m=\u001b[32m\"Dashboard\"\u001b[39m\n                \u001b[33mclass\u001b[39m=\u001b[32m\"group relative flex min-h-10 items-center gap-3 rounded-xl border border-transparent px-3 py-2 text-sm font-medium text-sidebar-foreground/80 transition-colors duration-150 hover:border-primary/10 hover:bg-sidebar-active/60 hover:text-sidebar-foreground focus-visible:outline-none focus-visible:ring-2 focus-visible:ring-ring focus-visible:ring-offset-2 focus-visible:ring-offset-sidebar motion-reduce:transition-none\"\u001b[39m\n                \u001b[33mdata-discover\u001b[39m=\u001b[32m\"true\"\u001b[39m\n                \u001b[33mhref\u001b[39m=\u001b[32m\"/organizer/dashboard\"\u001b[39m\n              \u001b[36m>\u001b[39m\n                \u001b[36m<svg\u001b[39m\n                  \u001b[33maria-hidden\u001b[39m=\u001b[32m\"true\"\u001b[39m\n                  \u001b[33mclass\u001b[39m=\u001b[32m\"lucide lucide-layout-dashboard h-[18px] w-[18px] shrink-0\"\u001b[39m\n                  \u001b[33mfill\u001b[39m=\u001b[32m\"none\"\u001b[39m\n                  \u001b[33mheight\u001b[39m=\u001b[32m\"24\"\u001b[39m\n                  \u001b[33mstroke\u001b[39m=\u001b[32m\"currentColor\"\u001b[39m\n                  \u001b[33mstroke-linecap\u001b[39m=\u001b[32m\"round\"\u001b[39m\n                  \u001b[33mstroke-linejoin\u001b[39m=\u001b[32m\"round\"\u001b[39m\n                  \u001b[33mstroke-width\u001b[39m=\u001b[32m\"2\"\u001b[39m\n                  \u001b[33mviewBox\u001b[39m=\u001b[32m\"0 0 24 24\"\u001b[39m\n                  \u001b[33mwidth\u001b[39m=\u001b[32m\"24\"\u001b[39m\n                  \u001b[33mxmlns\u001b[39m=\u001b[32m\"http://www.w3.org/2000/svg\"\u001b[39m\n                \u001b[36m>\u001b[39m\n                  \u001b[36m<rect\u001b[39m\n                    \u001b[33mheight\u001b[39m=\u001b[32m\"9\"\u001b[39m\n                    \u001b[33mrx\u001b[39m=\u001b[32m\"1\"\u001b[39m\n                    \u001b[33mwidth\u001b[39m=\u001b[32m\"7\"\u001b[39m\n                    \u001b[33mx\u001b[39m=\u001b[32m\"3\"\u001b[39m\n                    \u001b[33my\u001b[39m=\u001b[32m\"3\"\u001b[39m\n                  \u001b[36m/>\u001b[39m\n                  \u001b[36m<rect\u001b[39m\n                    \u001b[33mheight\u001b[39m=\u001b[32m\"5\"\u001b[39m\n                    \u001b[33mrx\u001b[39m=\u001b[32m\"1\"\u001b[39m\n                    \u001b[33mwidth\u001b[39m=\u001b[32m\"7\"\u001b[39m\n                    \u001b[33mx\u001b[39m=\u001b[32m\"14\"\u001b[39m\n                    \u001b[33my\u001b[39m=\u001b[32m\"3\"\u001b[39m\n                  \u001b[36m/>\u001b[39m\n                  \u001b[36m<rect\u001b[39m\n                    \u001b[33mheight\u001b[39m=\u001b[32m\"9\"\u001b[39m\n                    \u001b[33mrx\u001b[39m=\u001b[32m\"1\"\u001b[39m\n                    \u001b[33mwidth\u001b[39m=\u001b[32m\"7\"\u001b[39m\n                    \u001b[33mx\u001b[39m=\u001b[32m\"14\"\u001b[39m\n                    \u001b[33my\u001b[39m=\u001b[32m\"12\"\u001b[39m\n                  \u001b[36m/>\u001b[39m\n                  \u001b[36m<rect\u001b[39m\n                    \u001b[33mheight\u001b[39m=\u001b[32m\"5\"\u001b[39m\n                    \u001b[33mrx\u001b[39m=\u001b[32m\"1\"\u001b[39m\n                    \u001b[33mwidth\u001b[39m=\u001b[32m\"7\"\u001b[39m\n                    \u001b[33mx\u001b[39m=\u001b[32m\"3\"\u001b[39m\n                    \u001b[33my\u001b[39m=\u001b[32m\"16\"\u001b[39m\n                  \u001b[36m/>\u001b[39m\n                \u001b[36m</svg>\u001b[39m\n                \u001b[36m<span\u001b[39m\n                  \u001b[33mclass\u001b[39m=\u001b[32m\"truncate\"\u001b[39m\n                \u001b[36m>\u001b[39m\n                  \u001b[0mDashboard\u001b[0m\n                \u001b[36m</span>\u001b[39m\n              \u001b[36m</a>\u001b[39m\n            \u001b[36m</div>\u001b[39m\n          \u001b[36m</div>\u001b[39m\n          \u001b[36m<div\u001b[39m\n            \u001b[33mclass\u001b[39m=\u001b[32m\"mb-5 last:mb-0\"\u001b[39m\n          \u001b[36m>\u001b[39m\n            \u001b[36m<p\u001b[39m\n              \u001b[33mclass\u001b[39m=\u001b[32m\"mb-2 px-3 text-[11px] font-semibold uppercase tracking-wide text-muted-foreground\"\u001b[39m\n            \u001b[36m>\u001b[39m\n              \u001b[0mEvents\u001b[0m\n            \u001b[36m</p>\u001b[39m\n            \u001b[36m<div\u001b[39m\n              \u001b[33mclass\u001b[39m=\u001b[32m\"space-y-1\"\u001b[39m\n            \u001b[36m>\u001b[39m\n              \u001b[36m<a\u001b[39m\n                \u001b[33maria-current\u001b[39m=\u001b[32m\"page\"\u001b[39m\n                \u001b[33maria-label\u001b[39m=\u001b[32m\"Events\"\u001b[39m\n                \u001b[33mclass\u001b[39m=\u001b[32m\"group relative flex min-h-10 items-center gap-3 rounded-xl border border-transparent px-3 py-2 text-sm font-medium text-sidebar-foreground/80 transition-colors duration...\n    at waitForWrapper (C:\\xampp\\htdocs\\PLPass\\node_modules\\@testing-library\\dom\\dist\\wait-for.js:163:27)\n    at C:\\xampp\\htdocs\\PLPass\\node_modules\\@testing-library\\dom\\dist\\query-helpers.js:86:33\n    at C:\\xampp\\htdocs\\PLPass\\tests\\organizer-portal.test.tsx:288:25\n    at file:///C:/xampp/htdocs/PLPass/node_modules/@vitest/runner/dist/chunk-hooks.js:155:11\n    at file:///C:/xampp/htdocs/PLPass/node_modules/@vitest/runner/dist/chunk-hooks.js:752:26\n    at file:///C:/xampp/htdocs/PLPass/node_modules/@vitest/runner/dist/chunk-hooks.js:1897:20\n    at new Promise (<anonymous>)\n    at runWithTimeout (file:///C:/xampp/htdocs/PLPass/node_modules/@vitest/runner/dist/chunk-hooks.js:1863:10)\n    at runTest (file:///C:/xampp/htdocs/PLPass/node_modules/@vitest/runner/dist/chunk-hooks.js:1574:12)\n    at runSuite (file:///C:/xampp/htdocs/PLPass/node_modules/@vitest/runner/dist/chunk-hooks.js:1729:8)"],"meta":{}},{"ancestorTitles":["organizer UI flows"],"fullName":"organizer UI flows shows event unavailable for an unauthorized event route","status":"passed","title":"shows event unavailable for an unauthorized event route","duration":114.36359999999968,"failureMessages":[],"meta":{}},{"ancestorTitles":["organizer UI flows"],"fullName":"organizer UI flows shows the completed event record modal after the session summary view button is clicked","status":"failed","title":"shows the completed event record modal after the session summary view button is clicked","duration":506.41299999999956,"failureMessages":["TestingLibraryElementError: Unable to find an accessible element with the role \"button\" and name `/select first row/i`\n\nHere are the accessible roles:\n\n  complementary:\n\n  Name \"organizer workspace sidebar\":\n  \u001b[36m<aside\u001b[39m\n    \u001b[33maria-label\u001b[39m=\u001b[32m\"organizer workspace sidebar\"\u001b[39m\n    \u001b[33mclass\u001b[39m=\u001b[32m\"plpass-sidebar h-dvh min-h-0 flex-col overflow-x-hidden transition-[width] duration-200 motion-reduce:transition-none w-[280px] fixed inset-y-0 left-0 z-30 hidden md:flex\"\u001b[39m\n  \u001b[36m/>\u001b[39m\n\n  --------------------------------------------------\n  paragraph:\n\n  Name \"\":\n  \u001b[36m<p\u001b[39m\n    \u001b[33mclass\u001b[39m=\u001b[32m\"truncate text-base font-semibold leading-5 text-sidebar-foreground\"\u001b[39m\n  \u001b[36m/>\u001b[39m\n\n  Name \"\":\n  \u001b[36m<p\u001b[39m\n    \u001b[33mclass\u001b[39m=\u001b[32m\"mt-0.5 truncate text-xs capitalize text-muted-foreground\"\u001b[39m\n  \u001b[36m/>\u001b[39m\n\n  Name \"\":\n  \u001b[36m<p\u001b[39m\n    \u001b[33mclass\u001b[39m=\u001b[32m\"mb-2 px-3 text-[11px] font-semibold uppercase tracking-wide text-muted-foreground\"\u001b[39m\n  \u001b[36m/>\u001b[39m\n\n  Name \"\":\n  \u001b[36m<p\u001b[39m\n    \u001b[33mclass\u001b[39m=\u001b[32m\"mb-2 px-3 text-[11px] font-semibold uppercase tracking-wide text-muted-foreground\"\u001b[39m\n  \u001b[36m/>\u001b[39m\n\n  Name \"\":\n  \u001b[36m<p\u001b[39m\n    \u001b[33mclass\u001b[39m=\u001b[32m\"mb-2 px-3 text-[11px] font-semibold uppercase tracking-wide text-muted-foreground\"\u001b[39m\n  \u001b[36m/>\u001b[39m\n\n  Name \"\":\n  \u001b[36m<p\u001b[39m\n    \u001b[33mclass\u001b[39m=\u001b[32m\"mb-2 px-3 text-[11px] font-semibold uppercase tracking-wide text-muted-foreground\"\u001b[39m\n  \u001b[36m/>\u001b[39m\n\n  Name \"\":\n  \u001b[36m<p\u001b[39m\n    \u001b[33mclass\u001b[39m=\u001b[32m\"mb-2 px-3 text-[11px] font-semibold uppercase tracking-wide text-muted-foreground\"\u001b[39m\n  \u001b[36m/>\u001b[39m\n\n  Name \"\":\n  \u001b[36m<p\u001b[39m\n    \u001b[33mclass\u001b[39m=\u001b[32m\"mb-2 px-3 text-[11px] font-semibold uppercase tracking-wide text-muted-foreground\"\u001b[39m\n  \u001b[36m/>\u001b[39m\n\n  Name \"\":\n  \u001b[36m<p\u001b[39m\n    \u001b[33mclass\u001b[39m=\u001b[32m\"sr-only\"\u001b[39m\n  \u001b[36m/>\u001b[39m\n\n  Name \"\":\n  \u001b[36m<p\u001b[39m\n    \u001b[33mclass\u001b[39m=\u001b[32m\"font-medium\"\u001b[39m\n  \u001b[36m/>\u001b[39m\n\n  Name \"\":\n  \u001b[36m<p\u001b[39m\n    \u001b[33mclass\u001b[39m=\u001b[32m\"text-xs capitalize text-muted-foreground\"\u001b[39m\n  \u001b[36m/>\u001b[39m\n\n  Name \"\":\n  \u001b[36m<p\u001b[39m\n    \u001b[33mclass\u001b[39m=\u001b[32m\"mt-0.5 text-xs text-muted-foreground\"\u001b[39m\n  \u001b[36m/>\u001b[39m\n\n  --------------------------------------------------\n  navigation:\n\n  Name \"organizer navigation\":\n  \u001b[36m<nav\u001b[39m\n    \u001b[33maria-label\u001b[39m=\u001b[32m\"organizer navigation\"\u001b[39m\n    \u001b[33mclass\u001b[39m=\u001b[32m\"plpass-modern-scrollbar min-h-0 flex-1 overscroll-contain overflow-x-hidden overflow-y-auto px-3 py-4\"\u001b[39m\n  \u001b[36m/>\u001b[39m\n\n  --------------------------------------------------\n  link:\n\n  Name \"Dashboard\":\n  \u001b[36m<a\u001b[39m\n    \u001b[33maria-label\u001b[39m=\u001b[32m\"Dashboard\"\u001b[39m\n    \u001b[33mclass\u001b[39m=\u001b[32m\"group relative flex min-h-10 items-center gap-3 rounded-xl border border-transparent px-3 py-2 text-sm font-medium text-sidebar-foreground/80 transition-colors duration-150 hover:border-primary/10 hover:bg-sidebar-active/60 hover:text-sidebar-foreground focus-visible:outline-none focus-visible:ring-2 focus-visible:ring-ring focus-visible:ring-offset-2 focus-visible:ring-offset-sidebar motion-reduce:transition-none\"\u001b[39m\n    \u001b[33mdata-discover\u001b[39m=\u001b[32m\"true\"\u001b[39m\n    \u001b[33mhref\u001b[39m=\u001b[32m\"/organizer/dashboard\"\u001b[39m\n  \u001b[36m/>\u001b[39m\n\n  Name \"Events\":\n  \u001b[36m<a\u001b[39m\n    \u001b[33maria-current\u001b[39m=\u001b[32m\"page\"\u001b[39m\n    \u001b[33maria-label\u001b[39m=\u001b[32m\"Events\"\u001b[39m\n    \u001b[33mclass\u001b[39m=\u001b[32m\"group relative flex min-h-10 items-center gap-3 rounded-xl border border-transparent px-3 py-2 text-sm font-medium text-sidebar-foreground/80 transition-colors duration-150 hover:border-primary/10 hover:bg-sidebar-active/60 hover:text-sidebar-foreground focus-visible:outline-none focus-visible:ring-2 focus-visible:ring-ring focus-visible:ring-offset-2 focus-visible:ring-offset-sidebar motion-reduce:transition-none plpass-sidebar-active\"\u001b[39m\n    \u001b[33mdata-discover\u001b[39m=\u001b[32m\"true\"\u001b[39m\n    \u001b[33mhref\u001b[39m=\u001b[32m\"/organizer/events\"\u001b[39m\n  \u001b[36m/>\u001b[39m\n\n  Name \"Create Event\":\n  \u001b[36m<a\u001b[39m\n    \u001b[33maria-label\u001b[39m=\u001b[32m\"Create Event\"\u001b[39m\n    \u001b[33mclass\u001b[39m=\u001b[32m\"group relative flex min-h-10 items-center gap-3 rounded-xl border border-transparent px-3 py-2 text-sm font-medium text-sidebar-foreground/80 transition-colors duration-150 hover:border-primary/10 hover:bg-sidebar-active/60 hover:text-sidebar-foreground focus-visible:outline-none focus-visible:ring-2 focus-visible:ring-ring focus-visible:ring-offset-2 focus-visible:ring-offset-sidebar motion-reduce:transition-none\"\u001b[39m\n    \u001b[33mdata-discover\u001b[39m=\u001b[32m\"true\"\u001b[39m\n    \u001b[33mhref\u001b[39m=\u001b[32m\"/organizer/events/create\"\u001b[39m\n  \u001b[36m/>\u001b[39m\n\n  Name \"Event Records\":\n  \u001b[36m<a\u001b[39m\n    \u001b[33maria-label\u001b[39m=\u001b[32m\"Event Records\"\u001b[39m\n    \u001b[33mclass\u001b[39m=\u001b[32m\"group relative flex min-h-10 items-center gap-3 rounded-xl border border-transparent px-3 py-2 text-sm font-medium text-sidebar-foreground/80 transition-colors duration-150 hover:border-primary/10 hover:bg-sidebar-active/60 hover:text-sidebar-foreground focus-visible:outline-none focus-visible:ring-2 focus-visible:ring-ring focus-visible:ring-offset-2 focus-visible:ring-offset-sidebar motion-reduce:transition-none\"\u001b[39m\n    \u001b[33mdata-discover\u001b[39m=\u001b[32m\"true\"\u001b[39m\n    \u001b[33mhref\u001b[39m=\u001b[32m\"/organizer/records\"\u001b[39m\n  \u001b[36m/>\u001b[39m\n\n  Name \"User Management\":\n  \u001b[36m<a\u001b[39m\n    \u001b[33maria-label\u001b[39m=\u001b[32m\"User Management\"\u001b[39m\n    \u001b[33mclass\u001b[39m=\u001b[32m\"group relative flex min-h-10 items-center gap-3 rounded-xl border border-transparent px-3 py-2 text-sm font-medium text-sidebar-foreground/80 transition-colors duration-150 hover:border-primary/10 hover:bg-sidebar-active/60 hover:text-sidebar-foreground focus-visible:outline-none focus-visible:ring-2 focus-visible:ring-ring focus-visible:ring-offset-2 focus-visible:ring-offset-sidebar motion-reduce:transition-none\"\u001b[39m\n    \u001b[33mdata-discover\u001b[39m=\u001b[32m\"true\"\u001b[39m\n    \u001b[33mhref\u001b[39m=\u001b[32m\"/organizer/users\"\u001b[39m\n  \u001b[36m/>\u001b[39m\n\n  Name \"Correction Requests\":\n  \u001b[36m<a\u001b[39m\n    \u001b[33maria-label\u001b[39m=\u001b[32m\"Correction Requests\"\u001b[39m\n    \u001b[33mclass\u001b[39m=\u001b[32m\"group relative flex min-h-10 items-center gap-3 rounded-xl border border-transparent px-3 py-2 text-sm font-medium text-sidebar-foreground/80 transition-colors duration-150 hover:border-primary/10 hover:bg-sidebar-active/60 hover:text-sidebar-foreground focus-visible:outline-none focus-visible:ring-2 focus-visible:ring-ring focus-visible:ring-offset-2 focus-visible:ring-offset-sidebar motion-reduce:transition-none\"\u001b[39m\n    \u001b[33mdata-discover\u001b[39m=\u001b[32m\"true\"\u001b[39m\n    \u001b[33mhref\u001b[39m=\u001b[32m\"/organizer/corrections\"\u001b[39m\n  \u001b[36m/>\u001b[39m\n\n  Name \"Authentication Methods\":\n  \u001b[36m<a\u001b[39m\n    \u001b[33maria-label\u001b[39m=\u001b[32m\"Authentication Methods\"\u001b[39m\n    \u001b[33mclass\u001b[39m=\u001b[32m\"group relative flex min-h-10 items-center gap-3 rounded-xl border border-transparent px-3 py-2 text-sm font-medium text-sidebar-foreground/80 transition-colors duration-150 hover:border-primary/10 hover:bg-sidebar-active/60 hover:text-sidebar-foreground focus-visible:outline-none focus-visible:ring-2 focus-visible:ring-ring focus-visible:ring-offset-2 focus-visible:ring-offset-sidebar motion-reduce:transition-none\"\u001b[39m\n    \u001b[33mdata-discover\u001b[39m=\u001b[32m\"true\"\u001b[39m\n    \u001b[33mhref\u001b[39m=\u001b[32m\"/organizer/reports\"\u001b[39m\n  \u001b[36m/>\u001b[39m\n\n  Name \"Analytics Insights\":\n  \u001b[36m<a\u001b[39m\n    \u001b[33maria-label\u001b[39m=\u001b[32m\"Analytics Insights\"\u001b[39m\n    \u001b[33mclass\u001b[39m=\u001b[32m\"group relative flex min-h-10 items-center gap-3 rounded-xl border border-transparent px-3 py-2 text-sm font-medium text-sidebar-foreground/80 transition-colors duration-150 hover:border-primary/10 hover:bg-sidebar-active/60 hover:text-sidebar-foreground focus-visible:outline-none focus-visible:ring-2 focus-visible:ring-ring focus-visible:ring-offset-2 focus-visible:ring-offset-sidebar motion-reduce:transition-none\"\u001b[39m\n    \u001b[33mdata-discover\u001b[39m=\u001b[32m\"true\"\u001b[39m\n    \u001b[33mhref\u001b[39m=\u001b[32m\"/organizer/analytics\"\u001b[39m\n  \u001b[36m/>\u001b[39m\n\n  Name \"Audit Logs\":\n  \u001b[36m<a\u001b[39m\n    \u001b[33maria-label\u001b[39m=\u001b[32m\"Audit Logs\"\u001b[39m\n    \u001b[33mclass\u001b[39m=\u001b[32m\"group relative flex min-h-10 items-center gap-3 rounded-xl border border-transparent px-3 py-2 text-sm font-medium text-sidebar-foreground/80 transition-colors duration-150 hover:border-primary/10 hover:bg-sidebar-active/60 hover:text-sidebar-foreground focus-visible:outline-none focus-visible:ring-2 focus-visible:ring-ring focus-visible:ring-offset-2 focus-visible:ring-offset-sidebar motion-reduce:transition-none\"\u001b[39m\n    \u001b[33mdata-discover\u001b[39m=\u001b[32m\"true\"\u001b[39m\n    \u001b[33mhref\u001b[39m=\u001b[32m\"/organizer/audit-logs\"\u001b[39m\n  \u001b[36m/>\u001b[39m\n\n  Name \"Profile\":\n  \u001b[36m<a\u001b[39m\n    \u001b[33maria-label\u001b[39m=\u001b[32m\"Profile\"\u001b[39m\n    \u001b[33mclass\u001b[39m=\u001b[32m\"group relative flex min-h-10 items-center gap-3 rounded-xl border border-transparent px-3 py-2 text-sm font-medium text-sidebar-foreground/80 transition-colors duration-150 hover:border-primary/10 hover:bg-sidebar-active/60 hover:text-sidebar-foreground focus-visible:outline-none focus-visible:ring-2 focus-visible:ring-ring focus-visible:ring-offset-2 focus-visible:ring-offset-sidebar motion-reduce:transition-none\"\u001b[39m\n    \u001b[33mdata-discover\u001b[39m=\u001b[32m\"true\"\u001b[39m\n    \u001b[33mhref\u001b[39m=\u001b[32m\"/organizer/profile\"\u001b[39m\n  \u001b[36m/>\u001b[39m\n\n  Name \"Notifications\":\n  \u001b[36m<a\u001b[39m\n    \u001b[33mclass\u001b[39m=\u001b[32m\"inline-flex items-center justify-center gap-2 whitespace-nowrap text-sm font-medium transition-colors focus-visible:outline-none focus-visible:ring-2 focus-visible:ring-ring disabled:pointer-events-none disabled:opacity-50 border border-input bg-surface text-foreground hover:border-primary-hover hover:bg-primary-hover hover:text-primary-foreground h-9 rounded-full px-3\"\u001b[39m\n    \u001b[33mdata-discover\u001b[39m=\u001b[32m\"true\"\u001b[39m\n    \u001b[33mhref\u001b[39m=\u001b[32m\"/notifications\"\u001b[39m\n    \u001b[33mtype\u001b[39m=\u001b[32m\"button\"\u001b[39m\n  \u001b[36m/>\u001b[39m\n\n  Name \"Profile\":\n  \u001b[36m<a\u001b[39m\n    \u001b[33mclass\u001b[39m=\u001b[32m\"flex items-center gap-2 rounded-md px-3 py-2 text-sm hover:bg-surface-muted\"\u001b[39m\n    \u001b[33mdata-discover\u001b[39m=\u001b[32m\"true\"\u001b[39m\n    \u001b[33mhref\u001b[39m=\u001b[32m\"/organizer/profile\"\u001b[39m\n  \u001b[36m/>\u001b[39m\n\n  --------------------------------------------------\n  button:\n\n  Name \"Organizer One profile\":\n  \u001b[36m<button\u001b[39m\n    \u001b[33maria-label\u001b[39m=\u001b[32m\"Organizer One profile\"\u001b[39m\n    \u001b[33mclass\u001b[39m=\u001b[32m\"group flex w-full items-center gap-3 rounded-2xl border border-border bg-surface p-2.5 text-left text-sm text-sidebar-foreground transition-colors hover:bg-sidebar-active/60 focus-visible:outline-none focus-visible:ring-2 focus-visible:ring-ring focus-visible:ring-offset-2 focus-visible:ring-offset-sidebar motion-reduce:transition-none\"\u001b[39m\n    \u001b[33mtype\u001b[39m=\u001b[32m\"button\"\u001b[39m\n  \u001b[36m/>\u001b[39m\n\n  Name \"Open navigation menu\":\n  \u001b[36m<button\u001b[39m\n    \u001b[33maria-label\u001b[39m=\u001b[32m\"Open navigation menu\"\u001b[39m\n    \u001b[33mclass\u001b[39m=\u001b[32m\"inline-flex items-center justify-center gap-2 whitespace-nowrap text-sm font-medium transition-colors focus-visible:outline-none focus-visible:ring-2 focus-visible:ring-ring disabled:pointer-events-none disabled:opacity-50 border border-input bg-surface text-foreground hover:border-primary-hover hover:bg-primary-hover hover:text-primary-foreground h-9 w-9 rounded-full md:hidden\"\u001b[39m\n    \u001b[33mtype\u001b[39m=\u001b[32m\"button\"\u001b[39m\n  \u001b[36m/>\u001b[39m\n\n  Name \"Collapse sidebar\":\n  \u001b[36m<button\u001b[39m\n    \u001b[33maria-label\u001b[39m=\u001b[32m\"Collapse sidebar\"\u001b[39m\n    \u001b[33mclass\u001b[39m=\u001b[32m\"items-center justify-center gap-2 whitespace-nowrap text-sm font-medium transition-colors focus-visible:outline-none focus-visible:ring-2 focus-visible:ring-ring disabled:pointer-events-none disabled:opacity-50 hidden h-9 w-9 rounded-full text-muted-foreground hover:bg-surface-muted hover:text-foreground md:inline-flex\"\u001b[39m\n    \u001b[33mtype\u001b[39m=\u001b[32m\"button\"\u001b[39m\n  \u001b[36m/>\u001b[39m\n\n  Name \"Toggle theme\":\n  \u001b[36m<button\u001b[39m\n    \u001b[33maria-label\u001b[39m=\u001b[32m\"Toggle theme\"\u001b[39m\n    \u001b[33mclass\u001b[39m=\u001b[32m\"inline-flex items-center justify-center gap-2 whitespace-nowrap text-sm font-medium transition-colors focus-visible:outline-none focus-visible:ring-2 focus-visible:ring-ring disabled:pointer-events-none disabled:opacity-50 border border-input bg-surface text-foreground hover:border-primary-hover hover:bg-primary-hover hover:text-primary-foreground h-9 w-9 rounded-full\"\u001b[39m\n    \u001b[33mtype\u001b[39m=\u001b[32m\"button\"\u001b[39m\n  \u001b[36m/>\u001b[39m\n\n  Name \"Logout\":\n  \u001b[36m<button\u001b[39m\n    \u001b[33mclass\u001b[39m=\u001b[32m\"flex w-full items-center gap-2 rounded-md px-3 py-2 text-left text-sm hover:bg-surface-muted\"\u001b[39m\n    \u001b[33mtype\u001b[39m=\u001b[32m\"button\"\u001b[39m\n  \u001b[36m/>\u001b[39m\n\n  --------------------------------------------------\n  banner:\n\n  Name \"\":\n  \u001b[36m<header\u001b[39m\n    \u001b[33mclass\u001b[39m=\u001b[32m\"z-30 shrink-0 border-b bg-surface/95 shadow-sm backdrop-blur\"\u001b[39m\n  \u001b[36m/>\u001b[39m\n\n  Name \"\":\n  \u001b[36m<header\u001b[39m\n    \u001b[33mclass\u001b[39m=\u001b[32m\"flex flex-col gap-3 pb-2 md:flex-row md:items-center md:justify-between\"\u001b[39m\n  \u001b[36m/>\u001b[39m\n\n  --------------------------------------------------\n  heading:\n\n  Name \"Event Management\":\n  \u001b[36m<h1\u001b[39m\n    \u001b[33mclass\u001b[39m=\u001b[32m\"truncate text-base font-semibold text-foreground sm:text-lg\"\u001b[39m\n  \u001b[36m/>\u001b[39m\n\n  Name \"Events\":\n  \u001b[36m<h1\u001b[39m\n    \u001b[33mclass\u001b[39m=\u001b[32m\"text-xl font-bold tracking-tight text-foreground\"\u001b[39m\n  \u001b[36m/>\u001b[39m\n\n  --------------------------------------------------\n  group:\n\n  Name \"\":\n  \u001b[36m<details\u001b[39m\n    \u001b[33mclass\u001b[39m=\u001b[32m\"relative\"\u001b[39m\n  \u001b[36m/>\u001b[39m\n\n  --------------------------------------------------\n  main:\n\n  Name \"\":\n  \u001b[36m<main\u001b[39m\n    \u001b[33mclass\u001b[39m=\u001b[32m\"plpass-modern-scrollbar w-full min-w-0 flex-1 overflow-y-auto overflow-x-hidden py-4 md:py-6 lg:py-8\"\u001b[39m\n  \u001b[36m/>\u001b[39m\n\n  --------------------------------------------------\n  region:\n\n  Name \"Notifications alt+T\":\n  \u001b[36m<section\u001b[39m\n    \u001b[33maria-atomic\u001b[39m=\u001b[32m\"false\"\u001b[39m\n    \u001b[33maria-label\u001b[39m=\u001b[32m\"Notifications alt+T\"\u001b[39m\n    \u001b[33maria-live\u001b[39m=\u001b[32m\"polite\"\u001b[39m\n    \u001b[33maria-relevant\u001b[39m=\u001b[32m\"additions text\"\u001b[39m\n    \u001b[33mtabindex\u001b[39m=\u001b[32m\"-1\"\u001b[39m\n  \u001b[36m/>\u001b[39m\n\n  --------------------------------------------------\n\nIgnored nodes: comments, script, style\n\u001b[36m<body>\u001b[39m\n  \u001b[36m<div>\u001b[39m\n    \u001b[36m<div\u001b[39m\n      \u001b[33mclass\u001b[39m=\u001b[32m\"h-screen overflow-hidden bg-background\"\u001b[39m\n    \u001b[36m>\u001b[39m\n      \u001b[36m<aside\u001b[39m\n        \u001b[33maria-label\u001b[39m=\u001b[32m\"organizer workspace sidebar\"\u001b[39m\n        \u001b[33mclass\u001b[39m=\u001b[32m\"plpass-sidebar h-dvh min-h-0 flex-col overflow-x-hidden transition-[width] duration-200 motion-reduce:transition-none w-[280px] fixed inset-y-0 left-0 z-30 hidden md:flex\"\u001b[39m\n      \u001b[36m>\u001b[39m\n        \u001b[36m<div\u001b[39m\n          \u001b[33mclass\u001b[39m=\u001b[32m\"flex h-[72px] shrink-0 items-center border-b border-border px-4\"\u001b[39m\n        \u001b[36m>\u001b[39m\n          \u001b[36m<div\u001b[39m\n            \u001b[33mclass\u001b[39m=\u001b[32m\"flex items-center gap-3\"\u001b[39m\n          \u001b[36m>\u001b[39m\n            \u001b[36m<div\u001b[39m\n              \u001b[33mclass\u001b[39m=\u001b[32m\"flex h-9 w-9 shrink-0 items-center justify-center rounded-xl bg-primary text-primary-foreground shadow-sm ring-1 ring-primary/20\"\u001b[39m\n            \u001b[36m>\u001b[39m\n              \u001b[36m<svg\u001b[39m\n                \u001b[33maria-hidden\u001b[39m=\u001b[32m\"true\"\u001b[39m\n                \u001b[33mclass\u001b[39m=\u001b[32m\"lucide lucide-activity h-4.5 w-4.5\"\u001b[39m\n                \u001b[33mfill\u001b[39m=\u001b[32m\"none\"\u001b[39m\n                \u001b[33mheight\u001b[39m=\u001b[32m\"24\"\u001b[39m\n                \u001b[33mstroke\u001b[39m=\u001b[32m\"currentColor\"\u001b[39m\n                \u001b[33mstroke-linecap\u001b[39m=\u001b[32m\"round\"\u001b[39m\n                \u001b[33mstroke-linejoin\u001b[39m=\u001b[32m\"round\"\u001b[39m\n                \u001b[33mstroke-width\u001b[39m=\u001b[32m\"2\"\u001b[39m\n                \u001b[33mviewBox\u001b[39m=\u001b[32m\"0 0 24 24\"\u001b[39m\n                \u001b[33mwidth\u001b[39m=\u001b[32m\"24\"\u001b[39m\n                \u001b[33mxmlns\u001b[39m=\u001b[32m\"http://www.w3.org/2000/svg\"\u001b[39m\n              \u001b[36m>\u001b[39m\n                \u001b[36m<path\u001b[39m\n                  \u001b[33md\u001b[39m=\u001b[32m\"M22 12h-2.48a2 2 0 0 0-1.93 1.46l-2.35 8.36a.25.25 0 0 1-.48 0L9.24 2.18a.25.25 0 0 0-.48 0l-2.35 8.36A2 2 0 0 1 4.49 12H2\"\u001b[39m\n                \u001b[36m/>\u001b[39m\n              \u001b[36m</svg>\u001b[39m\n            \u001b[36m</div>\u001b[39m\n            \u001b[36m<div\u001b[39m\n              \u001b[33mclass\u001b[39m=\u001b[32m\"min-w-0 flex-1\"\u001b[39m\n            \u001b[36m>\u001b[39m\n              \u001b[36m<p\u001b[39m\n                \u001b[33mclass\u001b[39m=\u001b[32m\"truncate text-base font-semibold leading-5 text-sidebar-foreground\"\u001b[39m\n              \u001b[36m>\u001b[39m\n                \u001b[0mPLPass\u001b[0m\n              \u001b[36m</p>\u001b[39m\n              \u001b[36m<p\u001b[39m\n                \u001b[33mclass\u001b[39m=\u001b[32m\"mt-0.5 truncate text-xs capitalize text-muted-foreground\"\u001b[39m\n              \u001b[36m>\u001b[39m\n                \u001b[0morganizer\u001b[0m\n                \u001b[0m workspace\u001b[0m\n              \u001b[36m</p>\u001b[39m\n            \u001b[36m</div>\u001b[39m\n          \u001b[36m</div>\u001b[39m\n        \u001b[36m</div>\u001b[39m\n        \u001b[36m<nav\u001b[39m\n          \u001b[33maria-label\u001b[39m=\u001b[32m\"organizer navigation\"\u001b[39m\n          \u001b[33mclass\u001b[39m=\u001b[32m\"plpass-modern-scrollbar min-h-0 flex-1 overscroll-contain overflow-x-hidden overflow-y-auto px-3 py-4\"\u001b[39m\n        \u001b[36m>\u001b[39m\n          \u001b[36m<div\u001b[39m\n            \u001b[33mclass\u001b[39m=\u001b[32m\"mb-5 last:mb-0\"\u001b[39m\n          \u001b[36m>\u001b[39m\n            \u001b[36m<p\u001b[39m\n              \u001b[33mclass\u001b[39m=\u001b[32m\"mb-2 px-3 text-[11px] font-semibold uppercase tracking-wide text-muted-foreground\"\u001b[39m\n            \u001b[36m>\u001b[39m\n              \u001b[0mOverview\u001b[0m\n            \u001b[36m</p>\u001b[39m\n            \u001b[36m<div\u001b[39m\n              \u001b[33mclass\u001b[39m=\u001b[32m\"space-y-1\"\u001b[39m\n            \u001b[36m>\u001b[39m\n              \u001b[36m<a\u001b[39m\n                \u001b[33maria-label\u001b[39m=\u001b[32m\"Dashboard\"\u001b[39m\n                \u001b[33mclass\u001b[39m=\u001b[32m\"group relative flex min-h-10 items-center gap-3 rounded-xl border border-transparent px-3 py-2 text-sm font-medium text-sidebar-foreground/80 transition-colors duration-150 hover:border-primary/10 hover:bg-sidebar-active/60 hover:text-sidebar-foreground focus-visible:outline-none focus-visible:ring-2 focus-visible:ring-ring focus-visible:ring-offset-2 focus-visible:ring-offset-sidebar motion-reduce:transition-none\"\u001b[39m\n                \u001b[33mdata-discover\u001b[39m=\u001b[32m\"true\"\u001b[39m\n                \u001b[33mhref\u001b[39m=\u001b[32m\"/organizer/dashboard\"\u001b[39m\n              \u001b[36m>\u001b[39m\n                \u001b[36m<svg\u001b[39m\n                  \u001b[33maria-hidden\u001b[39m=\u001b[32m\"true\"\u001b[39m\n                  \u001b[33mclass\u001b[39m=\u001b[32m\"lucide lucide-layout-dashboard h-[18px] w-[18px] shrink-0\"\u001b[39m\n                  \u001b[33mfill\u001b[39m=\u001b[32m\"none\"\u001b[39m\n                  \u001b[33mheight\u001b[39m=\u001b[32m\"24\"\u001b[39m\n                  \u001b[33mstroke\u001b[39m=\u001b[32m\"currentColor\"\u001b[39m\n                  \u001b[33mstroke-linecap\u001b[39m=\u001b[32m\"round\"\u001b[39m\n                  \u001b[33mstroke-linejoin\u001b[39m=\u001b[32m\"round\"\u001b[39m\n                  \u001b[33mstroke-width\u001b[39m=\u001b[32m\"2\"\u001b[39m\n                  \u001b[33mviewBox\u001b[39m=\u001b[32m\"0 0 24 24\"\u001b[39m\n                  \u001b[33mwidth\u001b[39m=\u001b[32m\"24\"\u001b[39m\n                  \u001b[33mxmlns\u001b[39m=\u001b[32m\"http://www.w3.org/2000/svg\"\u001b[39m\n                \u001b[36m>\u001b[39m\n                  \u001b[36m<rect\u001b[39m\n                    \u001b[33mheight\u001b[39m=\u001b[32m\"9\"\u001b[39m\n                    \u001b[33mrx\u001b[39m=\u001b[32m\"1\"\u001b[39m\n                    \u001b[33mwidth\u001b[39m=\u001b[32m\"7\"\u001b[39m\n                    \u001b[33mx\u001b[39m=\u001b[32m\"3\"\u001b[39m\n                    \u001b[33my\u001b[39m=\u001b[32m\"3\"\u001b[39m\n                  \u001b[36m/>\u001b[39m\n                  \u001b[36m<rect\u001b[39m\n                    \u001b[33mheight\u001b[39m=\u001b[32m\"5\"\u001b[39m\n                    \u001b[33mrx\u001b[39m=\u001b[32m\"1\"\u001b[39m\n                    \u001b[33mwidth\u001b[39m=\u001b[32m\"7\"\u001b[39m\n                    \u001b[33mx\u001b[39m=\u001b[32m\"14\"\u001b[39m\n                    \u001b[33my\u001b[39m=\u001b[32m\"3\"\u001b[39m\n                  \u001b[36m/>\u001b[39m\n                  \u001b[36m<rect\u001b[39m\n                    \u001b[33mheight\u001b[39m=\u001b[32m\"9\"\u001b[39m\n                    \u001b[33mrx\u001b[39m=\u001b[32m\"1\"\u001b[39m\n                    \u001b[33mwidth\u001b[39m=\u001b[32m\"7\"\u001b[39m\n                    \u001b[33mx\u001b[39m=\u001b[32m\"14\"\u001b[39m\n                    \u001b[33my\u001b[39m=\u001b[32m\"12\"\u001b[39m\n                  \u001b[36m/>\u001b[39m\n                  \u001b[36m<rect\u001b[39m\n                    \u001b[33mheight\u001b[39m=\u001b[32m\"5\"\u001b[39m\n                    \u001b[33mrx\u001b[39m=\u001b[32m\"1\"\u001b[39m\n                    \u001b[33mwidth\u001b[39m=\u001b[32m\"7\"\u001b[39m\n                    \u001b[33mx\u001b[39m=\u001b[32m\"3\"\u001b[39m\n                    \u001b[33my\u001b[39m=\u001b[32m\"16\"\u001b[39m\n                  \u001b[36m/>\u001b[39m\n                \u001b[36m</svg>\u001b[39m\n                \u001b[36m<span\u001b[39m\n                  \u001b[33mclass\u001b[39m=\u001b[32m\"truncate\"\u001b[39m\n                \u001b[36m>\u001b[39m\n                  \u001b[0mDashboard\u001b[0m\n                \u001b[36m</span>\u001b[39m\n              \u001b[36m</a>\u001b[39m\n            \u001b[36m</div>\u001b[39m\n          \u001b[36m</div>\u001b[39m\n          \u001b[36m<div\u001b[39m\n            \u001b[33mclass\u001b[39m=\u001b[32m\"mb-5 last:mb-0\"\u001b[39m\n          \u001b[36m>\u001b[39m\n            \u001b[36m<p\u001b[39m\n              \u001b[33mclass\u001b[39m=\u001b[32m\"mb-2 px-3 text-[11px] font-semibold uppercase tracking-wide text-muted-foreground\"\u001b[39m\n            \u001b[36m>\u001b[39m\n              \u001b[0mEvents\u001b[0m\n            \u001b[36m</p>\u001b[39m\n            \u001b[36m<div\u001b[39m\n              \u001b[33mclass\u001b[39m=\u001b[32m\"space-y-1\"\u001b[39m\n            \u001b[36m>\u001b[39m\n              \u001b[36m<a\u001b[39m\n                \u001b[33maria-current\u001b[39m=\u001b[32m\"page\"\u001b[39m\n                \u001b[33maria-label\u001b[39m=\u001b[32m\"Events\"\u001b[39m\n                \u001b[33mclass\u001b[39m=\u001b[32m\"group relative flex min-h-10 items-center gap-3 rounded-xl border border-transparent px-3 py-2 text-sm font-medium text-sidebar-foreground/80 transition-colors duration...\n    at Object.getElementError (C:\\xampp\\htdocs\\PLPass\\node_modules\\@testing-library\\dom\\dist\\config.js:37:19)\n    at C:\\xampp\\htdocs\\PLPass\\node_modules\\@testing-library\\dom\\dist\\query-helpers.js:76:38\n    at C:\\xampp\\htdocs\\PLPass\\node_modules\\@testing-library\\dom\\dist\\query-helpers.js:52:17\n    at C:\\xampp\\htdocs\\PLPass\\node_modules\\@testing-library\\dom\\dist\\query-helpers.js:95:19\n    at C:\\xampp\\htdocs\\PLPass\\tests\\organizer-portal.test.tsx:307:29\n    at file:///C:/xampp/htdocs/PLPass/node_modules/@vitest/runner/dist/chunk-hooks.js:155:11\n    at file:///C:/xampp/htdocs/PLPass/node_modules/@vitest/runner/dist/chunk-hooks.js:752:26\n    at file:///C:/xampp/htdocs/PLPass/node_modules/@vitest/runner/dist/chunk-hooks.js:1897:20\n    at new Promise (<anonymous>)\n    at runWithTimeout (file:///C:/xampp/htdocs/PLPass/node_modules/@vitest/runner/dist/chunk-hooks.js:1863:10)"],"meta":{}},{"ancestorTitles":["organizer UI flows"],"fullName":"organizer UI flows shows export report actions inside the completed event modal","status":"failed","title":"shows export report actions inside the completed event modal","duration":431.0594999999994,"failureMessages":["TestingLibraryElementError: Unable to find an accessible element with the role \"button\" and name `/attendance/i`\n\nHere are the accessible roles:\n\n  button:\n\n  Name \"Close modal\":\n  \u001b[36m<button\u001b[39m\n    \u001b[33maria-label\u001b[39m=\u001b[32m\"Close modal\"\u001b[39m\n    \u001b[33mclass\u001b[39m=\u001b[32m\"inline-flex items-center justify-center gap-2 whitespace-nowrap rounded-md text-sm font-medium transition-colors focus-visible:outline-none focus-visible:ring-2 focus-visible:ring-ring disabled:pointer-events-none disabled:opacity-50 hover:bg-secondary-hover hover:text-foreground h-10 w-10\"\u001b[39m\n    \u001b[33mtype\u001b[39m=\u001b[32m\"button\"\u001b[39m\n  \u001b[36m/>\u001b[39m\n\n  Name \"XLSX\":\n  \u001b[36m<button\u001b[39m\n    \u001b[33mclass\u001b[39m=\u001b[32m\"inline-flex items-center justify-center gap-2 whitespace-nowrap text-sm font-medium transition-colors focus-visible:outline-none focus-visible:ring-2 focus-visible:ring-ring disabled:pointer-events-none disabled:opacity-50 border border-input bg-surface text-foreground hover:border-primary-hover hover:bg-primary-hover hover:text-primary-foreground h-9 rounded-md px-3\"\u001b[39m\n    \u001b[33mtype\u001b[39m=\u001b[32m\"button\"\u001b[39m\n  \u001b[36m/>\u001b[39m\n\n  Name \"PDF\":\n  \u001b[36m<button\u001b[39m\n    \u001b[33mclass\u001b[39m=\u001b[32m\"inline-flex items-center justify-center gap-2 whitespace-nowrap text-sm font-medium transition-colors focus-visible:outline-none focus-visible:ring-2 focus-visible:ring-ring disabled:pointer-events-none disabled:opacity-50 bg-primary text-primary-foreground hover:bg-primary-hover active:bg-primary-active h-9 rounded-md px-3 min-w-[5rem]\"\u001b[39m\n    \u001b[33mtype\u001b[39m=\u001b[32m\"button\"\u001b[39m\n  \u001b[36m/>\u001b[39m\n\n  Name \"XLSX\":\n  \u001b[36m<button\u001b[39m\n    \u001b[33mclass\u001b[39m=\u001b[32m\"inline-flex items-center justify-center gap-2 whitespace-nowrap text-sm font-medium transition-colors focus-visible:outline-none focus-visible:ring-2 focus-visible:ring-ring disabled:pointer-events-none disabled:opacity-50 border border-input bg-surface text-foreground hover:border-primary-hover hover:bg-primary-hover hover:text-primary-foreground h-9 rounded-md px-3\"\u001b[39m\n    \u001b[33mtype\u001b[39m=\u001b[32m\"button\"\u001b[39m\n  \u001b[36m/>\u001b[39m\n\n  Name \"PDF\":\n  \u001b[36m<button\u001b[39m\n    \u001b[33mclass\u001b[39m=\u001b[32m\"inline-flex items-center justify-center gap-2 whitespace-nowrap text-sm font-medium transition-colors focus-visible:outline-none focus-visible:ring-2 focus-visible:ring-ring disabled:pointer-events-none disabled:opacity-50 bg-primary text-primary-foreground hover:bg-primary-hover active:bg-primary-active h-9 rounded-md px-3 min-w-[5rem]\"\u001b[39m\n    \u001b[33mtype\u001b[39m=\u001b[32m\"button\"\u001b[39m\n  \u001b[36m/>\u001b[39m\n\n  Name \"Select first row\":\n  \u001b[36m<button\u001b[39m\n    \u001b[33mtype\u001b[39m=\u001b[32m\"button\"\u001b[39m\n  \u001b[36m/>\u001b[39m\n\n  --------------------------------------------------\n  paragraph:\n\n  Name \"\":\n  \u001b[36m<p\u001b[39m\n    \u001b[33mclass\u001b[39m=\u001b[32m\"text-sm font-semibold text-primary\"\u001b[39m\n  \u001b[36m/>\u001b[39m\n\n  Name \"\":\n  \u001b[36m<p\u001b[39m\n    \u001b[33mclass\u001b[39m=\u001b[32m\"max-w-2xl text-sm text-muted-foreground\"\u001b[39m\n  \u001b[36m/>\u001b[39m\n\n  Name \"\":\n  \u001b[36m<p\u001b[39m\n    \u001b[33mclass\u001b[39m=\u001b[32m\"mt-1 text-sm text-muted-foreground\"\u001b[39m\n  \u001b[36m/>\u001b[39m\n\n  Name \"\":\n  \u001b[36m<p\u001b[39m\n    \u001b[33mclass\u001b[39m=\u001b[32m\"text-[11px] uppercase tracking-[0.08em] text-muted-foreground\"\u001b[39m\n  \u001b[36m/>\u001b[39m\n\n  Name \"\":\n  \u001b[36m<p\u001b[39m\n    \u001b[33mclass\u001b[39m=\u001b[32m\"mt-4 text-lg font-semibold text-foreground\"\u001b[39m\n  \u001b[36m/>\u001b[39m\n\n  Name \"\":\n  \u001b[36m<p\u001b[39m\n    \u001b[33mclass\u001b[39m=\u001b[32m\"text-[11px] uppercase tracking-[0.08em] text-muted-foreground\"\u001b[39m\n  \u001b[36m/>\u001b[39m\n\n  Name \"\":\n  \u001b[36m<p\u001b[39m\n    \u001b[33mclass\u001b[39m=\u001b[32m\"mt-4 text-lg font-semibold text-foreground\"\u001b[39m\n  \u001b[36m/>\u001b[39m\n\n  Name \"\":\n  \u001b[36m<p\u001b[39m\n    \u001b[33mclass\u001b[39m=\u001b[32m\"text-[11px] uppercase tracking-[0.08em] text-muted-foreground\"\u001b[39m\n  \u001b[36m/>\u001b[39m\n\n  Name \"\":\n  \u001b[36m<p\u001b[39m\n    \u001b[33mclass\u001b[39m=\u001b[32m\"mt-4 text-lg font-semibold text-foreground\"\u001b[39m\n  \u001b[36m/>\u001b[39m\n\n  Name \"\":\n  \u001b[36m<p\u001b[39m\n    \u001b[33mclass\u001b[39m=\u001b[32m\"text-[11px] uppercase tracking-[0.08em] text-muted-foreground\"\u001b[39m\n  \u001b[36m/>\u001b[39m\n\n  Name \"\":\n  \u001b[36m<p\u001b[39m\n    \u001b[33mclass\u001b[39m=\u001b[32m\"mt-4 text-lg font-semibold text-foreground\"\u001b[39m\n  \u001b[36m/>\u001b[39m\n\n  Name \"\":\n  \u001b[36m<p\u001b[39m\n    \u001b[33mclass\u001b[39m=\u001b[32m\"mt-1 text-sm text-muted-foreground\"\u001b[39m\n  \u001b[36m/>\u001b[39m\n\n  Name \"\":\n  \u001b[36m<p\u001b[39m\n    \u001b[33mclass\u001b[39m=\u001b[32m\"mt-2 text-sm text-muted-foreground\"\u001b[39m\n  \u001b[36m/>\u001b[39m\n\n  Name \"\":\n  \u001b[36m<p\u001b[39m\n    \u001b[33mclass\u001b[39m=\u001b[32m\"text-sm font-medium\"\u001b[39m\n  \u001b[36m/>\u001b[39m\n\n  Name \"\":\n  \u001b[36m<p\u001b[39m\n    \u001b[33mclass\u001b[39m=\u001b[32m\"mt-2 text-sm text-muted-foreground\"\u001b[39m\n  \u001b[36m/>\u001b[39m\n\n  Name \"\":\n  \u001b[36m<p\u001b[39m\n    \u001b[33mclass\u001b[39m=\u001b[32m\"text-sm text-muted-foreground\"\u001b[39m\n  \u001b[36m/>\u001b[39m\n\n  Name \"\":\n  \u001b[36m<p\u001b[39m\n    \u001b[33mclass\u001b[39m=\u001b[32m\"text-[11px] uppercase tracking-[0.08em] text-muted-foreground\"\u001b[39m\n  \u001b[36m/>\u001b[39m\n\n  Name \"\":\n  \u001b[36m<p\u001b[39m\n    \u001b[33mclass\u001b[39m=\u001b[32m\"mt-4 text-lg font-semibold text-foreground\"\u001b[39m\n  \u001b[36m/>\u001b[39m\n\n  Name \"\":\n  \u001b[36m<p\u001b[39m\n    \u001b[33mclass\u001b[39m=\u001b[32m\"text-[11px] uppercase tracking-[0.08em] text-muted-foreground\"\u001b[39m\n  \u001b[36m/>\u001b[39m\n\n  Name \"\":\n  \u001b[36m<p\u001b[39m\n    \u001b[33mclass\u001b[39m=\u001b[32m\"mt-4 text-lg font-semibold text-foreground\"\u001b[39m\n  \u001b[36m/>\u001b[39m\n\n  Name \"\":\n  \u001b[36m<p\u001b[39m\n    \u001b[33mclass\u001b[39m=\u001b[32m\"text-[11px] uppercase tracking-[0.08em] text-muted-foreground\"\u001b[39m\n  \u001b[36m/>\u001b[39m\n\n  Name \"\":\n  \u001b[36m<p\u001b[39m\n    \u001b[33mclass\u001b[39m=\u001b[32m\"mt-4 text-lg font-semibold text-foreground\"\u001b[39m\n  \u001b[36m/>\u001b[39m\n\n  Name \"\":\n  \u001b[36m<p\u001b[39m\n    \u001b[33mclass\u001b[39m=\u001b[32m\"text-sm text-muted-foreground\"\u001b[39m\n  \u001b[36m/>\u001b[39m\n\n  --------------------------------------------------\n  heading:\n\n  Name \"EVT-2026-001 - Sample Event\":\n  \u001b[36m<h2\u001b[39m\n    \u001b[33mclass\u001b[39m=\u001b[32m\"text-2xl font-semibold\"\u001b[39m\n  \u001b[36m/>\u001b[39m\n\n  Name \"Event summary\":\n  \u001b[36m<h3\u001b[39m\n    \u001b[33mclass\u001b[39m=\u001b[32m\"text-sm font-semibold text-foreground\"\u001b[39m\n  \u001b[36m/>\u001b[39m\n\n  Name \"Export this event\":\n  \u001b[36m<h3\u001b[39m\n    \u001b[33mclass\u001b[39m=\u001b[32m\"text-sm font-semibold text-foreground\"\u001b[39m\n  \u001b[36m/>\u001b[39m\n\n  Name \"Attendee Information\":\n  \u001b[36m<h3\u001b[39m\n    \u001b[33mclass\u001b[39m=\u001b[32m\"text-base font-semibold text-foreground\"\u001b[39m\n  \u001b[36m/>\u001b[39m\n\n  Name \"Late Arrival Breakdown\":\n  \u001b[36m<h3\u001b[39m\n    \u001b[33mclass\u001b[39m=\u001b[32m\"font-semibold\"\u001b[39m\n  \u001b[36m/>\u001b[39m\n\n  Name \"Post-Event Objective Results\":\n  \u001b[36m<h3\u001b[39m\n    \u001b[33mclass\u001b[39m=\u001b[32m\"font-semibold\"\u001b[39m\n  \u001b[36m/>\u001b[39m\n\n  Name \"Feedback Sentiment\":\n  \u001b[36m<h3\u001b[39m\n    \u001b[33mclass\u001b[39m=\u001b[32m\"font-semibold\"\u001b[39m\n  \u001b[36m/>\u001b[39m\n\n  --------------------------------------------------\n\nIgnored nodes: comments, script, style\n\u001b[36m<body>\u001b[39m\n  \u001b[36m<div>\u001b[39m\n    \u001b[36m<div\u001b[39m\n      \u001b[33mclass\u001b[39m=\u001b[32m\"fixed inset-0 z-50 flex items-center justify-center bg-foreground/40 p-4\"\u001b[39m\n    \u001b[36m>\u001b[39m\n      \u001b[36m<section\u001b[39m\n        \u001b[33mclass\u001b[39m=\u001b[32m\"max-h-[90vh] w-full overflow-hidden rounded-lg border bg-surface shadow-xl max-w-6xl\"\u001b[39m\n      \u001b[36m>\u001b[39m\n        \u001b[36m<div\u001b[39m\n          \u001b[33mclass\u001b[39m=\u001b[32m\"flex justify-end border-b px-5 py-3\"\u001b[39m\n        \u001b[36m>\u001b[39m\n          \u001b[36m<button\u001b[39m\n            \u001b[33maria-label\u001b[39m=\u001b[32m\"Close modal\"\u001b[39m\n            \u001b[33mclass\u001b[39m=\u001b[32m\"inline-flex items-center justify-center gap-2 whitespace-nowrap rounded-md text-sm font-medium transition-colors focus-visible:outline-none focus-visible:ring-2 focus-visible:ring-ring disabled:pointer-events-none disabled:opacity-50 hover:bg-secondary-hover hover:text-foreground h-10 w-10\"\u001b[39m\n            \u001b[33mtype\u001b[39m=\u001b[32m\"button\"\u001b[39m\n          \u001b[36m>\u001b[39m\n            \u001b[36m<svg\u001b[39m\n              \u001b[33maria-hidden\u001b[39m=\u001b[32m\"true\"\u001b[39m\n              \u001b[33mclass\u001b[39m=\u001b[32m\"lucide lucide-x h-4 w-4\"\u001b[39m\n              \u001b[33mfill\u001b[39m=\u001b[32m\"none\"\u001b[39m\n              \u001b[33mheight\u001b[39m=\u001b[32m\"24\"\u001b[39m\n              \u001b[33mstroke\u001b[39m=\u001b[32m\"currentColor\"\u001b[39m\n              \u001b[33mstroke-linecap\u001b[39m=\u001b[32m\"round\"\u001b[39m\n              \u001b[33mstroke-linejoin\u001b[39m=\u001b[32m\"round\"\u001b[39m\n              \u001b[33mstroke-width\u001b[39m=\u001b[32m\"2\"\u001b[39m\n              \u001b[33mviewBox\u001b[39m=\u001b[32m\"0 0 24 24\"\u001b[39m\n              \u001b[33mwidth\u001b[39m=\u001b[32m\"24\"\u001b[39m\n              \u001b[33mxmlns\u001b[39m=\u001b[32m\"http://www.w3.org/2000/svg\"\u001b[39m\n            \u001b[36m>\u001b[39m\n              \u001b[36m<path\u001b[39m\n                \u001b[33md\u001b[39m=\u001b[32m\"M18 6 6 18\"\u001b[39m\n              \u001b[36m/>\u001b[39m\n              \u001b[36m<path\u001b[39m\n                \u001b[33md\u001b[39m=\u001b[32m\"m6 6 12 12\"\u001b[39m\n              \u001b[36m/>\u001b[39m\n            \u001b[36m</svg>\u001b[39m\n          \u001b[36m</button>\u001b[39m\n        \u001b[36m</div>\u001b[39m\n        \u001b[36m<div\u001b[39m\n          \u001b[33mclass\u001b[39m=\u001b[32m\"max-h-[calc(90vh-58px)] overflow-y-auto p-5\"\u001b[39m\n        \u001b[36m>\u001b[39m\n          \u001b[36m<div\u001b[39m\n            \u001b[33mclass\u001b[39m=\u001b[32m\"space-y-6\"\u001b[39m\n          \u001b[36m>\u001b[39m\n            \u001b[36m<div\u001b[39m\n              \u001b[33mclass\u001b[39m=\u001b[32m\"flex flex-col gap-4 sm:flex-row sm:items-end sm:justify-between\"\u001b[39m\n            \u001b[36m>\u001b[39m\n              \u001b[36m<div\u001b[39m\n                \u001b[33mclass\u001b[39m=\u001b[32m\"space-y-3\"\u001b[39m\n              \u001b[36m>\u001b[39m\n                \u001b[36m<p\u001b[39m\n                  \u001b[33mclass\u001b[39m=\u001b[32m\"text-sm font-semibold text-primary\"\u001b[39m\n                \u001b[36m>\u001b[39m\n                  \u001b[0mView More\u001b[0m\n                \u001b[36m</p>\u001b[39m\n                \u001b[36m<div\u001b[39m\n                  \u001b[33mclass\u001b[39m=\u001b[32m\"flex flex-wrap items-center gap-3\"\u001b[39m\n                \u001b[36m>\u001b[39m\n                  \u001b[36m<h2\u001b[39m\n                    \u001b[33mclass\u001b[39m=\u001b[32m\"text-2xl font-semibold\"\u001b[39m\n                  \u001b[36m>\u001b[39m\n                    \u001b[0mEVT-2026-001\u001b[0m\n                    \u001b[0m - \u001b[0m\n                    \u001b[0mSample Event\u001b[0m\n                  \u001b[36m</h2>\u001b[39m\n                \u001b[36m</div>\u001b[39m\n                \u001b[36m<p\u001b[39m\n                  \u001b[33mclass\u001b[39m=\u001b[32m\"max-w-2xl text-sm text-muted-foreground\"\u001b[39m\n                \u001b[36m>\u001b[39m\n                  \u001b[0mReview attendee status, check-in/check-out times, and export event reports from a clean modal layout.\u001b[0m\n                \u001b[36m</p>\u001b[39m\n              \u001b[36m</div>\u001b[39m\n            \u001b[36m</div>\u001b[39m\n            \u001b[36m<div\u001b[39m\n              \u001b[33mclass\u001b[39m=\u001b[32m\"grid gap-4 lg:grid-cols-[1.2fr_320px] items-stretch\"\u001b[39m\n            \u001b[36m>\u001b[39m\n              \u001b[36m<section\u001b[39m\n                \u001b[33mclass\u001b[39m=\u001b[32m\"h-full rounded-3xl border border-border bg-background p-4 shadow-sm\"\u001b[39m\n              \u001b[36m>\u001b[39m\n                \u001b[36m<div\u001b[39m\n                  \u001b[33mclass\u001b[39m=\u001b[32m\"flex flex-col gap-3 sm:flex-row sm:items-start sm:justify-between\"\u001b[39m\n                \u001b[36m>\u001b[39m\n                  \u
[...]
  \u001b[36m<div\u001b[39m\n              \u001b[33mclass\u001b[39m=\u001b[32m\"flex h-9 w-9 shrink-0 items-center justify-center rounded-xl bg-primary text-primary-foreground shadow-sm ring-1 ring-primary/20\"\u001b[39m\n            \u001b[36m>\u001b[39m\n              \u001b[36m<svg\u001b[39m\n                \u001b[33maria-hidden\u001b[39m=\u001b[32m\"true\"\u001b[39m\n                \u001b[33mclass\u001b[39m=\u001b[32m\"lucide lucide-activity h-4.5 w-4.5\"\u001b[39m\n                \u001b[33mfill\u001b[39m=\u001b[32m\"none\"\u001b[39m\n                \u001b[33mheight\u001b[39m=\u001b[32m\"24\"\u001b[39m\n                \u001b[33mstroke\u001b[39m=\u001b[32m\"currentColor\"\u001b[39m\n                \u001b[33mstroke-linecap\u001b[39m=\u001b[32m\"round\"\u001b[39m\n                \u001b[33mstroke-linejoin\u001b[39m=\u001b[32m\"round\"\u001b[39m\n                \u001b[33mstroke-width\u001b[39m=\u001b[32m\"2\"\u001b[39m\n                \u001b[33mviewBox\u001b[39m=\u001b[32m\"0 0 24 24\"\u001b[39m\n                \u001b[33mwidth\u001b[39m=\u001b[32m\"24\"\u001b[39m\n                \u001b[33mxmlns\u001b[39m=\u001b[32m\"http://www.w3.org/2000/svg\"\u001b[39m\n              \u001b[36m>\u001b[39m\n                \u001b[36m<path\u001b[39m\n                  \u001b[33md\u001b[39m=\u001b[32m\"M22 12h-2.48a2 2 0 0 0-1.93 1.46l-2.35 8.36a.25.25 0 0 1-.48 0L9.24 2.18a.25.25 0 0 0-.48 0l-2.35 8.36A2 2 0 0 1 4.49 12H2\"\u001b[39m\n                \u001b[36m/>\u001b[39m\n              \u001b[36m</svg>\u001b[39m\n            \u001b[36m</div>\u001b[39m\n            \u001b[36m<div\u001b[39m\n              \u001b[33mclass\u001b[39m=\u001b[32m\"min-w-0 flex-1\"\u001b[39m\n            \u001b[36m>\u001b[39m\n              \u001b[36m<p\u001b[39m\n                \u001b[33mclass\u001b[39m=\u001b[32m\"truncate text-base font-semibold leading-5 text-sidebar-foreground\"\u001b[39m\n              \u001b[36m>\u001b[39m\n                \u001b[0mPLPass\u001b[0m\n              \u001b[36m</p>\u001b[39m\n              \u001b[36m<p\u001b[39m\n                \u001b[33mclass\u001b[39m=\u001b[32m\"mt-0.5 truncate text-xs capitalize text-muted-foreground\"\u001b[39m\n              \u001b[36m>\u001b[39m\n                \u001b[0morganizer\u001b[0m\n                \u001b[0m workspace\u001b[0m\n              \u001b[36m</p>\u001b[39m\n            \u001b[36m</div>\u001b[39m\n          \u001b[36m</div>\u001b[39m\n        \u001b[36m</div>\u001b[39m\n        \u001b[36m<nav\u001b[39m\n          \u001b[33maria-label\u001b[39m=\u001b[32m\"organizer navigation\"\u001b[39m\n          \u001b[33mclass\u001b[39m=\u001b[32m\"plpass-modern-scrollbar min-h-0 flex-1 overscroll-contain overflow-x-hidden overflow-y-auto px-3 py-4\"\u001b[39m\n        \u001b[36m>\u001b[39m\n          \u001b[36m<div\u001b[39m\n            \u001b[33mclass\u001b[39m=\u001b[32m\"mb-5 last:mb-0\"\u001b[39m\n          \u001b[36m>\u001b[39m\n            \u001b[36m<p\u001b[39m\n              \u001b[33mclass\u001b[39m=\u001b[32m\"mb-2 px-3 text-[11px] font-semibold uppercase tracking-wide text-muted-foreground\"\u001b[39m\n            \u001b[36m>\u001b[39m\n              \u001b[0mOverview\u001b[0m\n            \u001b[36m</p>\u001b[39m\n            \u001b[36m<div\u001b[39m\n              \u001b[33mclass\u001b[39m=\u001b[32m\"space-y-1\"\u001b[39m\n            \u001b[36m>\u001b[39m\n              \u001b[36m<a\u001b[39m\n                \u001b[33maria-label\u001b[39m=\u001b[32m\"Dashboard\"\u001b[39m\n                \u001b[33mclass\u001b[39m=\u001b[32m\"group relative flex min-h-10 items-center gap-3 rounded-xl border border-transparent px-3 py-2 text-sm font-medium text-sidebar-foreground/80 transition-colors duration-150 hover:border-primary/10 hover:bg-sidebar-active/60 hover:text-sidebar-foreground focus-visible:outline-none focus-visible:ring-2 focus-visible:ring-ring focus-visible:ring-offset-2 focus-visible:ring-offset-sidebar motion-reduce:transition-none\"\u001b[39m\n                \u001b[33mdata-discover\u001b[39m=\u001b[32m\"true\"\u001b[39m\n                \u001b[33mhref\u001b[39m=\u001b[32m\"/organizer/dashboard\"\u001b[39m\n              \u001b[36m>\u001b[39m\n                \u001b[36m<svg\u001b[39m\n                  \u001b[33maria-hidden\u001b[39m=\u001b[32m\"true\"\u001b[39m\n                  \u001b[33mclass\u001b[39m=\u001b[32m\"lucide lucide-layout-dashboard h-[18px] w-[18px] shrink-0\"\u001b[39m\n                  \u001b[33mfill\u001b[39m=\u001b[32m\"none\"\u001b[39m\n                  \u001b[33mheight\u001b[39m=\u001b[32m\"24\"\u001b[39m\n                  \u001b[33mstroke\u001b[39m=\u001b[32m\"currentColor\"\u001b[39m\n                  \u001b[33mstroke-linecap\u001b[39m=\u001b[32m\"round\"\u001b[39m\n                  \u001b[33mstroke-linejoin\u001b[39m=\u001b[32m\"round\"\u001b[39m\n                  \u001b[33mstroke-width\u001b[39m=\u001b[32m\"2\"\u001b[39m\n                  \u001b[33mviewBox\u001b[39m=\u001b[32m\"0 0 24 24\"\u001b[39m\n                  \u001b[33mwidth\u001b[39m=\u001b[32m\"24\"\u001b[39m\n                  \u001b[33mxmlns\u001b[39m=\u001b[32m\"http://www.w3.org/2000/svg\"\u001b[39m\n                \u001b[36m>\u001b[39m\n                  \u001b[36m<rect\u001b[39m\n                    \u001b[33mheight\u001b[39m=\u001b[32m\"9\"\u001b[39m\n                    \u001b[33mrx\u001b[39m=\u001b[32m\"1\"\u001b[39m\n                    \u001b[33mwidth\u001b[39m=\u001b[32m\"7\"\u001b[39m\n                    \u001b[33mx\u001b[39m=\u001b[32m\"3\"\u001b[39m\n                    \u001b[33my\u001b[39m=\u001b[32m\"3\"\u001b[39m\n                  \u001b[36m/>\u001b[39m\n                  \u001b[36m<rect\u001b[39m\n                    \u001b[33mheight\u001b[39m=\u001b[32m\"5\"\u001b[39m\n                    \u001b[33mrx\u001b[39m=\u001b[32m\"1\"\u001b[39m\n                    \u001b[33mwidth\u001b[39m=\u001b[32m\"7\"\u001b[39m\n                    \u001b[33mx\u001b[39m=\u001b[32m\"14\"\u001b[39m\n                    \u001b[33my\u001b[39m=\u001b[32m\"3\"\u001b[39m\n                  \u001b[36m/>\u001b[39m\n                  \u001b[36m<rect\u001b[39m\n                    \u001b[33mheight\u001b[39m=\u001b[32m\"9\"\u001b[39m\n                    \u001b[33mrx\u001b[39m=\u001b[32m\"1\"\u001b[39m\n                    \u001b[33mwidth\u001b[39m=\u001b[32m\"7\"\u001b[39m\n                    \u001b[33mx\u001b[39m=\u001b[32m\"14\"\u001b[39m\n                    \u001b[33my\u001b[39m=\u001b[32m\"12\"\u001b[39m\n                  \u001b[36m/>\u001b[39m\n                  \u001b[36m<rect\u001b[39m\n                    \u001b[33mheight\u001b[39m=\u001b[32m\"5\"\u001b[39m\n                    \u001b[33mrx\u001b[39m=\u001b[32m\"1\"\u001b[39m\n                    \u001b[33mwidth\u001b[39m=\u001b[32m\"7\"\u001b[39m\n                    \u001b[33mx\u001b[39m=\u001b[32m\"3\"\u001b[39m\n                    \u001b[33my\u001b[39m=\u001b[32m\"16\"\u001b[39m\n                  \u001b[36m/>\u001b[39m\n                \u001b[36m</svg>\u001b[39m\n                \u001b[36m<span\u001b[39m\n                  \u001b[33mclass\u001b[39m=\u001b[32m\"truncate\"\u001b[39m\n                \u001b[36m>\u001b[39m\n                  \u001b[0mDashboard\u001b[0m\n                \u001b[36m</span>\u001b[39m\n              \u001b[36m</a>\u001b[39m\n            \u001b[36m</div>\u001b[39m\n          \u001b[36m</div>\u001b[39m\n          \u001b[36m<div\u001b[39m\n            \u001b[33mclass\u001b[39m=\u001b[32m\"mb-5 last:mb-0\"\u001b[39m\n          \u001b[36m>\u001b[39m\n            \u001b[36m<p\u001b[39m\n              \u001b[33mclass\u001b[39m=\u001b[32m\"mb-2 px-3 text-[11px] font-semibold uppercase tracking-wide text-muted-foreground\"\u001b[39m\n            \u001b[36m>\u001b[39m\n              \u001b[0mEvents\u001b[0m\n            \u001b[36m</p>\u001b[39m\n            \u001b[36m<div\u001b[39m\n              \u001b[33mclass\u001b[39m=\u001b[32m\"space-y-1\"\u001b[39m\n            \u001b[36m>\u001b[39m\n              \u001b[36m<a\u001b[39m\n                \u001b[33maria-label\u001b[39m=\u001b[32m\"Events\"\u001b[39m\n                \u001b[33mclass\u001b[39m=\u001b[32m\"group relative flex min-h-10 items-center gap-3 rounded-xl border border-transparent px-3 py-2 text-sm font-medium text-sidebar-foreground/80 transition-colors duration-150 hover:border-primary/10 hover:bg-sidebar-active/60 ...\n    at waitForWrapper (C:\\xampp\\htdocs\\PLPass\\node_modules\\@testing-library\\dom\\dist\\wait-for.js:163:27)\n    at C:\\xampp\\htdocs\\PLPass\\node_modules\\@testing-library\\dom\\dist\\query-helpers.js:86:33\n    at C:\\xampp\\htdocs\\PLPass\\tests\\organizer-portal.test.tsx:348:25\n    at file:///C:/xampp/htdocs/PLPass/node_modules/@vitest/runner/dist/chunk-hooks.js:155:11\n    at file:///C:/xampp/htdocs/PLPass/node_modules/@vitest/runner/dist/chunk-hooks.js:752:26\n    at file:///C:/xampp/htdocs/PLPass/node_modules/@vitest/runner/dist/chunk-hooks.js:1897:20\n    at new Promise (<anonymous>)\n    at runWithTimeout (file:///C:/xampp/htdocs/PLPass/node_modules/@vitest/runner/dist/chunk-hooks.js:1863:10)\n    at runTest (file:///C:/xampp/htdocs/PLPass/node_modules/@vitest/runner/dist/chunk-hooks.js:1574:12)\n    at runSuite (file:///C:/xampp/htdocs/PLPass/node_modules/@vitest/runner/dist/chunk-hooks.js:1729:8)"],"meta":{}},{"ancestorTitles":["organizer UI flows"],"fullName":"organizer UI flows validates create event participant selection","status":"failed","title":"validates create event participant selection","duration":1343.5339000000004,"failureMessages":["Error: Unable to find an element with the text: Event code is required.. This could be because the text is broken up by multiple elements. In this case, you can provide a function for your text matcher to make your matcher more flexible.\n\nIgnored nodes: comments, script, style\n\u001b[36m<body>\u001b[39m\n  \u001b[36m<div>\u001b[39m\n    \u001b[36m<div\u001b[39m\n      \u001b[33mclass\u001b[39m=\u001b[32m\"h-screen overflow-hidden bg-background\"\u001b[39m\n    \u001b[36m>\u001b[39m\n      \u001b[36m<aside\u001b[39m\n        \u001b[33maria-label\u001b[39m=\u001b[32m\"organizer workspace sidebar\"\u001b[39m\n        \u001b[33mclass\u001b[39m=\u001b[32m\"plpass-sidebar h-dvh min-h-0 flex-col overflow-x-hidden transition-[width] duration-200 motion-reduce:transition-none w-[280px] fixed inset-y-0 left-0 z-30 hidden md:flex\"\u001b[39m\n      \u001b[36m>\u001b[39m\n        \u001b[36m<div\u001b[39m\n          \u001b[33mclass\u001b[39m=\u001b[32m\"flex h-[72px] shrink-0 items-center border-b border-border px-4\"\u001b[39m\n        \u001b[36m>\u001b[39m\n          \u001b[36m<div\u001b[39m\n            \u001b[33mclass\u001b[39m=\u001b[32m\"flex items-center gap-3\"\u001b[39m\n          \u001b[36m>\u001b[39m\n            \u001b[36m<div\u001b[39m\n              \u001b[33mclass\u001b[39m=\u001b[32m\"flex h-9 w-9 shrink-0 items-center justify-center rounded-xl bg-primary text-primary-foreground shadow-sm ring-1 ring-primary/20\"\u001b[39m\n            \u001b[36m>\u001b[39m\n              \u001b[36m<svg\u001b[39m\n                \u001b[33maria-hidden\u001b[39m=\u001b[32m\"true\"\u001b[39m\n                \u001b[33mclass\u001b[39m=\u001b[32m\"lucide lucide-activity h-4.5 w-4.5\"\u001b[39m\n                \u001b[33mfill\u001b[39m=\u001b[32m\"none\"\u001b[39m\n                \u001b[33mheight\u001b[39m=\u001b[32m\"24\"\u001b[39m\n                \u001b[33mstroke\u001b[39m=\u001b[32m\"currentColor\"\u001b[39m\n                \u001b[33mstroke-linecap\u001b[39m=\u001b[32m\"round\"\u001b[39m\n                \u001b[33mstroke-linejoin\u001b[39m=\u001b[32m\"round\"\u001b[39m\n                \u001b[33mstroke-width\u001b[39m=\u001b[32m\"2\"\u001b[39m\n                \u001b[33mviewBox\u001b[39m=\u001b[32m\"0 0 24 24\"\u001b[39m\n                \u001b[33mwidth\u001b[39m=\u001b[32m\"24\"\u001b[39m\n                \u001b[33mxmlns\u001b[39m=\u001b[32m\"http://www.w3.org/2000/svg\"\u001b[39m\n              \u001b[36m>\u001b[39m\n                \u001b[36m<path\u001b[39m\n                  \u001b[33md\u001b[39m=\u001b[32m\"M22 12h-2.48a2 2 0 0 0-1.93 1.46l-2.35 8.36a.25.25 0 0 1-.48 0L9.24 2.18a.25.25 0 0 0-.48 0l-2.35 8.36A2 2 0 0 1 4.49 12H2\"\u001b[39m\n                \u001b[36m/>\u001b[39m\n              \u001b[36m</svg>\u001b[39m\n            \u001b[36m</div>\u001b[39m\n            \u001b[36m<div\u001b[39m\n              \u001b[33mclass\u001b[39m=\u001b[32m\"min-w-0 flex-1\"\u001b[39m\n            \u001b[36m>\u001b[39m\n              \u001b[36m<p\u001b[39m\n                \u001b[33mclass\u001b[39m=\u001b[32m\"truncate text-base font-semibold leading-5 text-sidebar-foreground\"\u001b[39m\n              \u001b[36m>\u001b[39m\n                \u001b[0mPLPass\u001b[0m\n              \u001b[36m</p>\u001b[39m\n              \u001b[36m<p\u001b[39m\n                \u001b[33mclass\u001b[39m=\u001b[32m\"mt-0.5 truncate text-xs capitalize text-muted-foreground\"\u001b[39m\n              \u001b[36m>\u001b[39m\n                \u001b[0morganizer\u001b[0m\n                \u001b[0m workspace\u001b[0m\n              \u001b[36m</p>\u001b[39m\n            \u001b[36m</div>\u001b[39m\n          \u001b[36m</div>\u001b[39m\n        \u001b[36m</div>\u001b[39m\n        \u001b[36m<nav\u001b[39m\n          \u001b[33maria-label\u001b[39m=\u001b[32m\"organizer navigation\"\u001b[39m\n          \u001b[33mclass\u001b[39m=\u001b[32m\"plpass-modern-scrollbar min-h-0 flex-1 overscroll-contain overflow-x-hidden overflow-y-auto px-3 py-4\"\u001b[39m\n        \u001b[36m>\u001b[39m\n          \u001b[36m<div\u001b[39m\n            \u001b[33mclass\u001b[39m=\u001b[32m\"mb-5 last:mb-0\"\u001b[39m\n          \u001b[36m>\u001b[39m\n            \u001b[36m<p\u001b[39m\n              \u001b[33mclass\u001b[39m=\u001b[32m\"mb-2 px-3 text-[11px] font-semibold uppercase tracking-wide text-muted-foreground\"\u001b[39m\n            \u001b[36m>\u001b[39m\n              \u001b[0mOverview\u001b[0m\n            \u001b[36m</p>\u001b[39m\n            \u001b[36m<div\u001b[39m\n              \u001b[33mclass\u001b[39m=\u001b[32m\"space-y-1\"\u001b[39m\n            \u001b[36m>\u001b[39m\n              \u001b[36m<a\u001b[39m\n                \u001b[33maria-label\u001b[39m=\u001b[32m\"Dashboard\"\u001b[39m\n                \u001b[33mclass\u001b[39m=\u001b[32m\"group relative flex min-h-10 items-center gap-3 rounded-xl border border-transparent px-3 py-2 text-sm font-medium text-sidebar-foreground/80 transition-colors duration-150 hover:border-primary/10 hover:bg-sidebar-active/60 hover:text-sidebar-foreground focus-visible:outline-none focus-visible:ring-2 focus-visible:ring-ring focus-visible:ring-offset-2 focus-visible:ring-offset-sidebar motion-reduce:transition-none\"\u001b[39m\n                \u001b[33mdata-discover\u001b[39m=\u001b[32m\"true\"\u001b[39m\n                \u001b[33mhref\u001b[39m=\u001b[32m\"/organizer/dashboard\"\u001b[39m\n              \u001b[36m>\u001b[39m\n                \u001b[36m<svg\u001b[39m\n                  \u001b[33maria-hidden\u001b[39m=\u001b[32m\"true\"\u001b[39m\n                  \u001b[33mclass\u001b[39m=\u001b[32m\"lucide lucide-layout-dashboard h-[18px] w-[18px] shrink-0\"\u001b[39m\n                  \u001b[33mfill\u001b[39m=\u001b[32m\"none\"\u001b[39m\n                  \u001b[33mheight\u001b[39m=\u001b[32m\"24\"\u001b[39m\n                  \u001b[33mstroke\u001b[39m=\u001b[32m\"currentColor\"\u001b[39m\n                  \u001b[33mstroke-linecap\u001b[39m=\u001b[32m\"round\"\u001b[39m\n                  \u001b[33mstroke-linejoin\u001b[39m=\u001b[32m\"round\"\u001b[39m\n                  \u001b[33mstroke-width\u001b[39m=\u001b[32m\"2\"\u001b[39m\n                  \u001b[33mviewBox\u001b[39m=\u001b[32m\"0 0 24 24\"\u001b[39m\n                  \u001b[33mwidth\u001b[39m=\u001b[32m\"24\"\u001b[39m\n                  \u001b[33mxmlns\u001b[39m=\u001b[32m\"http://www.w3.org/2000/svg\"\u001b[39m\n                \u001b[36m>\u001b[39m\n                  \u001b[36m<rect\u001b[39m\n                    \u001b[33mheight\u001b[39m=\u001b[32m\"9\"\u001b[39m\n                    \u001b[33mrx\u001b[39m=\u001b[32m\"1\"\u001b[39m\n                    \u001b[33mwidth\u001b[39m=\u001b[32m\"7\"\u001b[39m\n                    \u001b[33mx\u001b[39m=\u001b[32m\"3\"\u001b[39m\n                    \u001b[33my\u001b[39m=\u001b[32m\"3\"\u001b[39m\n                  \u001b[36m/>\u001b[39m\n                  \u001b[36m<rect\u001b[39m\n                    \u001b[33mheight\u001b[39m=\u001b[32m\"5\"\u001b[39m\n                    \u001b[33mrx\u001b[39m=\u001b[32m\"1\"\u001b[39m\n                    \u001b[33mwidth\u001b[39m=\u001b[32m\"7\"\u001b[39m\n                    \u001b[33mx\u001b[39m=\u001b[32m\"14\"\u001b[39m\n                    \u001b[33my\u001b[39m=\u001b[32m\"3\"\u001b[39m\n                  \u001b[36m/>\u001b[39m\n                  \u001b[36m<rect\u001b[39m\n                    \u001b[33mheight\u001b[39m=\u001b[32m\"9\"\u001b[39m\n                    \u001b[33mrx\u001b[39m=\u001b[32m\"1\"\u001b[39m\n                    \u001b[33mwidth\u001b[39m=\u001b[32m\"7\"\u001b[39m\n                    \u001b[33mx\u001b[39m=\u001b[32m\"14\"\u001b[39m\n                    \u001b[33my\u001b[39m=\u001b[32m\"12\"\u001b[39m\n                  \u001b[36m/>\u001b[39m\n                  \u001b[36m<rect\u001b[39m\n                    \u001b[33mheight\u001b[39m=\u001b[32m\"5\"\u001b[39m\n                    \u001b[33mrx\u001b[39m=\u001b[32m\"1\"\u001b[39m\n                    \u001b[33mwidth\u001b[39m=\u001b[32m\"7\"\u001b[39m\n                    \u001b[33mx\u001b[39m=\u001b[32m\"3\"\u001b[39m\n                    \u001b[33my\u001b[39m=\u001b[32m\"16\"\u001b[39m\n                  \u001b[36m/>\u001b[39m\n                \u001b[36m</svg>\u001b[39m\n                \u001b[36m<span\u001b[39m\n                  \u001b[33mclass\u001b[39m=\u001b[32m\"truncate\"\u001b[39m\n                \u001b[36m>\u001b[39m\n                  \u001b[0mDashboard\u001b[0m\n                \u001b[36m</span>\u001b[39m\n              \u001b[36m</a>\u001b[39m\n            \u001b[36m</div>\u001b[39m\n          \u001b[36m</div>\u001b[39m\n          \u001b[36m<div\u001b[39m\n            \u001b[33mclass\u001b[39m=\u001b[32m\"mb-5 last:mb-0\"\u001b[39m\n          \u001b[36m>\u001b[39m\n            \u001b[36m<p\u001b[39m\n              \u001b[33mclass\u001b[39m=\u001b[32m\"mb-2 px-3 text-[11px] font-semibold uppercase tracking-wide text-muted-foreground\"\u001b[39m\n            \u001b[36m>\u001b[39m\n              \u001b[0mEvents\u001b[0m\n            \u001b[36m</p>\u001b[39m\n            \u001b[36m<div\u001b[39m\n              \u001b[33mclass\u001b[39m=\u001b[32m\"space-y-1\"\u001b[39m\n            \u001b[36m>\u001b[39m\n              \u001b[36m<a\u001b[39m\n                \u001b[33maria-current\u001b[39m=\u001b[32m\"page\"\u001b[39m\n                \u001b[33maria-label\u001b[39m=\u001b[32m\"Events\"\u001b[39m\n                \u001b[33mclass\u001b[39m=\u001b[32m\"group relative flex min-h-10 items-center gap-3 rounded-xl border border-transparent px-3 py-2 text-sm font-medium text-sidebar-foreground/80 transition-colors duration...\n    at waitForWrapper (C:\\xampp\\htdocs\\PLPass\\node_modules\\@testing-library\\dom\\dist\\wait-for.js:163:27)\n    at C:\\xampp\\htdocs\\PLPass\\node_modules\\@testing-library\\dom\\dist\\query-helpers.js:86:33\n    at C:\\xampp\\htdocs\\PLPass\\tests\\organizer-portal.test.tsx:363:25\n    at file:///C:/xampp/htdocs/PLPass/node_modules/@vitest/runner/dist/chunk-hooks.js:752:20"],"meta":{}},{"ancestorTitles":["organizer UI flows"],"fullName":"organizer UI flows refreshes visible organizer data after account switching","status":"passed","title":"refreshes visible organizer data after account switching","duration":151.41510000000017,"failureMessages":[],"meta":{}}],"startTime":1787065931460,"endTime":1787065939038.415,"status":"failed","message":"","name":"C:/xampp/htdocs/PLPass/tests/organizer-portal.test.tsx"}]}